
  fn.   type   at.   n   l   m
    1 atomic     1   1   0   0
    2 atomic     1   2   0   0
    3 atomic     1   3   0   0
    4 atomic     1   4   0   0
    5 ionic      1   5   0   0
    6 atomic     1   5   0   0
    7 atomic     1   2   1  -1
    8 atomic     1   2   1   0
    9 atomic     1   2   1   1
   10 atomic     1   3   1  -1
   11 atomic     1   3   1   0
   12 atomic     1   3   1   1
   13 atomic     1   4   1  -1
   14 atomic     1   4   1   0
   15 atomic     1   4   1   1
   16 ionic      1   5   1  -1
   17 ionic      1   5   1   0
   18 ionic      1   5   1   1
   19 atomic     1   3   2  -2
   20 atomic     1   3   2  -1
   21 atomic     1   3   2   0
   22 atomic     1   3   2   1
   23 atomic     1   3   2   2
   24 atomic     1   4   2  -2
   25 atomic     1   4   2  -1
   26 atomic     1   4   2   0
   27 atomic     1   4   2   1
   28 atomic     1   4   2   2
   29 hydro      1   3   2  -2
   30 hydro      1   3   2  -1
   31 hydro      1   3   2   0
   32 hydro      1   3   2   1
   33 hydro      1   3   2   2
   34 hydro      1   4   3  -3
   35 hydro      1   4   3  -2
   36 hydro      1   4   3  -1
   37 hydro      1   4   3   0
   38 hydro      1   4   3   1
   39 hydro      1   4   3   2
   40 hydro      1   4   3   3
   41 hydro      1   5   4  -4
   42 hydro      1   5   4  -3
   43 hydro      1   5   4  -2
   44 hydro      1   5   4  -1
   45 hydro      1   5   4   0
   46 hydro      1   5   4   1
   47 hydro      1   5   4   2
   48 hydro      1   5   4   3
   49 hydro      1   5   4   4
