     1     1   -0.7453791648E+003
     1     2    0.4120335480E-003
     2     2   -0.1033246999E+003
     1     3    0.1619839634E-003
     2     3   -0.8193624197E-004
     3     3   -0.1755210981E+002
     1     4    0.6552973421E-004
     2     4   -0.1601131283E-004
     3     4   -0.1703733561E-003
     4     4   -0.2390713121E+001
     1     5    0.2440477806E-004
     2     5   -0.5153133492E-005
     3     5   -0.3765423789E-004
     4     5   -0.3234139449E-002
     5     5   -0.1361454637E+000
     1     6   -0.1950252784E-004
     2     6    0.3957780864E-005
     3     6    0.2758922457E-004
     4     6    0.2023676634E-002
     5     6   -0.7714261441E-001
     6     6    0.1582429083E+000
     1     7   -0.7105427358E-014
     2     7   -0.7105427358E-014
     3     7    0.0000000000E+000
     4     7    0.5551115123E-016
     5     7   -0.8326672685E-016
     6     7    0.1804112415E-015
     7     7   -0.9234503364E+002
     1     8   -0.3552713679E-014
     2     8   -0.7105427358E-014
     3     8    0.2720046410E-014
     4     8   -0.1249000903E-015
     5     8    0.2046973702E-015
     6     8   -0.7285838599E-016
     7     8   -0.1729354437E-009
     8     8   -0.9234503364E+002
     1     9   -0.7105427358E-014
     2     9   -0.3552713679E-014
     3     9   -0.2220446049E-015
     4     9    0.7494005416E-015
     5     9   -0.9020562075E-016
     6     9    0.2289834988E-015
     7     9    0.4086060379E-009
     8     9   -0.1728190924E-009
     9     9   -0.9234503364E+002
     1    10   -0.3552713679E-014
     2    10    0.2220446049E-015
     3    10    0.2664535259E-014
     4    10    0.1110223025E-015
     5    10    0.1387778781E-016
     6    10    0.1387778781E-016
     7    10   -0.3550561372E-004
     8    10    0.5581235474E-010
     9    10   -0.6422196108E-010
    10    10   -0.1397144024E+002
     1    11    0.8881784197E-015
     2    11    0.1332267630E-014
     3    11   -0.1243449788E-013
     4    11    0.1235123115E-014
     5    11    0.3955169525E-015
     6    11   -0.2983724379E-015
     7    11    0.5581393681E-010
     8    11   -0.3550543500E-004
     9    11    0.3069462740E-010
    10    11   -0.4226889949E-009
    11    11   -0.1397144024E+002
     1    12    0.8881784197E-014
     2    12    0.2220446049E-015
     3    12    0.4440892099E-014
     4    12   -0.9714451465E-016
     5    12   -0.1040834086E-015
     6    12    0.5551115123E-016
     7    12   -0.6422268273E-010
     8    12    0.3069383636E-010
     9    12   -0.3550580523E-004
    10    12    0.8688142428E-009
    11    12   -0.3730821208E-009
    12    12   -0.1397144024E+002
     1    13    0.1776356839E-014
     2    13    0.2220446049E-015
     3    13    0.2220446049E-015
     4    13    0.1082467449E-014
     5    13    0.1136243877E-015
     6    13   -0.8933825901E-016
     7    13    0.5766488576E-006
     8    13    0.1875076483E-010
     9    13   -0.2012365968E-010
    10    13   -0.1967664807E-003
    11    13   -0.1637037728E-010
    12    13   -0.2255212128E-009
    13    13   -0.1438588716E+001
     1    14    0.4440892099E-015
     2    14    0.1110223025E-014
     3    14    0.4440892099E-015
     4    14   -0.1204591982E-013
     5    14   -0.7719519468E-015
     6    14    0.4605690829E-015
     7    14    0.1875093830E-010
     8    14    0.5767097780E-006
     9    14    0.9785845745E-011
    10    14   -0.1637031483E-010
    11    14   -0.1967666239E-003
    12    14    0.8026382683E-010
    13    14    0.2056647352E-009
    14    14   -0.1438588715E+001
     1    15    0.4440892099E-015
     2    15   -0.5551115123E-015
     3    15    0.1665334537E-015
     4    15   -0.3330669074E-015
     5    15    0.1644517855E-014
     6    15   -0.1082467449E-014
     7    15   -0.2012367356E-010
     8    15    0.9785811050E-011
     9    15    0.5765872181E-006
    10    15   -0.2255212406E-009
    11    15    0.8026383377E-010
    12    15   -0.1967666597E-003
    13    15    0.1891759471E-008
    14    15   -0.6565793603E-009
    15    15   -0.1438588715E+001
     1    16    0.0000000000E+000
     2    16   -0.1110223025E-015
     3    16    0.5551115123E-016
     4    16    0.2081668171E-015
     5    16    0.2654126918E-015
     6    16   -0.1370431546E-015
     7    16    0.7152347195E-006
     8    16    0.6536680919E-011
     9    16   -0.6974113995E-011
    10    16   -0.4167294083E-004
    11    16   -0.2393710230E-012
    12    16   -0.7195748164E-010
    13    16   -0.3743938569E-002
    14    16   -0.1193492952E-009
    15    16    0.1696411501E-009
    16    16   -0.3893719261E-003
     1    17   -0.2220446049E-015
     2    17    0.3053113318E-015
     3    17    0.2151057110E-015
     4    17   -0.2296773882E-014
     5    17   -0.2967678187E-014
     6    17    0.1410763867E-014
     7    17    0.6536413771E-011
     8    17    0.7152559868E-006
     9    17    0.3396519177E-011
    10    17   -0.2393640841E-012
    11    17   -0.4167296739E-004
    12    17    0.2631065331E-010
    13    17   -0.1193492883E-009
    14    17   -0.3743939014E-002
    15    17   -0.8136257466E-010
    16    17    0.2413604282E-009
    17    17   -0.3893707777E-003
     1    18   -0.6661338148E-015
     2    18   -0.8326672685E-016
     3    18    0.5898059818E-016
     4    18    0.8049116929E-015
     5    18   -0.3613429000E-014
     6    18   -0.7580741590E-015
     7    18   -0.6974273589E-011
     8    18    0.3396651016E-011
     9    18    0.7152133344E-006
    10    18   -0.7195748164E-010
    11    18    0.2631065157E-010
    12    18   -0.4167300445E-004
    13    18    0.1696411418E-009
    14    18   -0.8136257640E-010
    15    18   -0.3743938419E-002
    16    18    0.7497403061E-009
    17    18   -0.2430750579E-009
    18    18   -0.3893716980E-003
     1    19   -0.1758104773E-010
     2    19    0.3664664128E-009
     3    19   -0.1015876605E-008
     4    19    0.4592739522E-009
     5    19    0.1213712950E-009
     6    19   -0.8962969256E-010
     7    19    0.0000000000E+000
     8    19   -0.2220446049E-015
     9    19   -0.8881784197E-015
    10    19   -0.2220446049E-014
    11    19    0.1221245327E-014
    12    19   -0.8881784197E-015
    13    19   -0.4163336342E-016
    14    19   -0.6938893904E-017
    15    19    0.0000000000E+000
    16    19   -0.6938893904E-017
    17    19   -0.1214306433E-016
    18    19   -0.5551115123E-016
    19    19   -0.8154621733E+001
     1    20   -0.5548450588E-011
     2    20    0.1967350727E-009
     3    20   -0.5012323889E-009
     4    20   -0.8023512410E-011
     5    20    0.1155095464E-010
     6    20   -0.1088449643E-010
     7    20    0.3552713679E-014
     8    20    0.0000000000E+000
     9    20    0.4440892099E-015
    10    20   -0.9658940314E-014
    11    20    0.3108624469E-014
    12    20   -0.9992007222E-015
    13    20    0.8361367154E-015
    14    20    0.5551115123E-016
    15    20   -0.2081668171E-016
    16    20    0.2914335440E-015
    17    20   -0.2081668171E-016
    18    20    0.1214306433E-016
    19    20    0.5196626462E-009
    20    20   -0.8154621732E+001
     1    21   -0.1178457332E-010
     2    21    0.5034925810E-009
     3    21   -0.1357494228E-008
     4    21   -0.1275028694E-011
     5    21    0.3426172887E-010
     6    21   -0.3134685567E-010
     7    21    0.8881784197E-015
     8    21    0.3552713679E-014
     9    21    0.1110223025E-015
    10    21   -0.1110223025E-015
    11    21   -0.1088018564E-013
    12    21   -0.6661338148E-015
    13    21   -0.7632783294E-016
    14    21    0.1006139616E-014
    15    21    0.9020562075E-016
    16    21   -0.2688821388E-016
    17    21    0.2983724379E-015
    18    21    0.3122502257E-016
    19    21   -0.5943334713E-010
    20    21   -0.1120570969E-008
    21    21   -0.8154621732E+001
     1    22   -0.7196465646E-011
     2    22    0.1601385691E-009
     3    22   -0.4370577233E-009
     4    22    0.1667163352E-009
     5    22    0.4608264811E-010
     6    22   -0.3436620259E-010
     7    22    0.2220446049E-015
     8    22   -0.8881784197E-015
     9    22    0.3552713679E-014
    10    22   -0.1110223025E-014
    11    22    0.2442490654E-014
    12    22   -0.9325873407E-014
    13    22   -0.3469446952E-016
    14    22    0.2428612866E-015
    15    22    0.7563394355E-015
    16    22    0.5204170428E-017
    17    22   -0.3642919300E-016
    18    22    0.2480654571E-015
    19    22   -0.6686362575E-010
    20    22    0.1496465785E-008
    21    22   -0.8618284697E-009
    22    22   -0.8154621731E+001
     1    23    0.2422728684E-011
     2    23   -0.2329658688E-009
     3    23    0.8333017609E-009
     4    23   -0.1910603065E-009
     5    23   -0.5620335447E-010
     6    23    0.4288039715E-010
     7    23    0.0000000000E+000
     8    23   -0.5551115123E-016
     9    23    0.4440892099E-015
    10    23   -0.1887379142E-014
    11    23    0.1665334537E-015
    12    23    0.1332267630E-014
    13    23   -0.1804112415E-015
    14    23   -0.1734723476E-016
    15    23   -0.1214306433E-015
    16    23   -0.7459310947E-016
    17    23   -0.1734723476E-017
    18    23   -0.8413408858E-016
    19    23    0.2648041370E-009
    20    23    0.1022623097E-009
    21    23   -0.4835649381E-009
    22    23    0.4055566438E-009
    23    23   -0.8154621728E+001
     1    24   -0.4561157008E-011
     2    24    0.8092260195E-010
     3    24    0.1451577608E-009
     4    24   -0.1860881116E-008
     5    24    0.6328830394E-009
     6    24   -0.2055300559E-009
     7    24    0.0000000000E+000
     8    24   -0.1665334537E-015
     9    24    0.2220446049E-015
    10    24    0.1387778781E-016
    11    24    0.6938893904E-017
    12    24   -0.1110223025E-015
    13    24    0.1110223025E-014
    14    24   -0.2220446049E-015
    15    24   -0.9263423362E-015
    16    24   -0.2293304435E-014
    17    24   -0.7944491419E-015
    18    24   -0.6492202609E-015
    19    24   -0.2800511794E-003
    20    24   -0.9964504916E-010
    21    24    0.3275700024E-010
    22    24    0.1022319052E-009
    23    24   -0.5981327933E-010
    24    24   -0.1548277643E+000
     1    25   -0.1426414542E-011
     2    25    0.4318190250E-010
     3    25   -0.1620353851E-010
     4    25    0.2662538245E-009
     5    25   -0.4379000142E-009
     6    25    0.2342692524E-009
     7    25    0.1110223025E-014
     8    25   -0.4440892099E-015
     9    25    0.5551115123E-016
    10    25    0.2949029909E-015
    11    25    0.0000000000E+000
    12    25    0.0000000000E+000
    13    25   -0.7091549570E-014
    14    25    0.1526556659E-015
    15    25    0.2012279232E-015
    16    25    0.1361757929E-015
    17    25   -0.1368696823E-014
    18    25    0.7930938892E-015
    19    25   -0.9964502314E-010
    20    25   -0.2800517875E-003
    21    25    0.2028177938E-009
    22    25   -0.3213286026E-009
    23    25    0.6404296711E-010
    24    25    0.2238505544E-009
    25    25   -0.1548277647E+000
     1    26   -0.3018349459E-011
     2    26    0.1096902014E-009
     3    26   -0.3659431091E-010
     4    26    0.5657338209E-009
     5    26   -0.1058798955E-008
     6    26    0.5470357457E-009
     7    26    0.1110223025E-015
     8    26    0.1332267630E-014
     9    26    0.2775557562E-016
    10    26   -0.1734723476E-016
    11    26    0.3920475056E-015
    12    26    0.4857225733E-016
    13    26   -0.6938893904E-015
    14    26   -0.7722988915E-014
    15    26    0.2775557562E-015
    16    26   -0.1180913006E-014
    17    26    0.5399326819E-016
    18    26   -0.1763671674E-014
    19    26    0.3275696728E-010
    20    26    0.2028178268E-009
    21    26   -0.2800518381E-003
    22    26    0.1844261601E-009
    23    26    0.3653531991E-010
    24    26    0.1543742428E-008
    25    26    0.5799674456E-009
    26    26   -0.1548277638E+000
     1    27   -0.1865341215E-011
     2    27    0.3533862092E-010
     3    27    0.5092776548E-010
     4    27   -0.6355347082E-009
     5    27    0.1620873570E-009
     6    27   -0.3148794810E-010
     7    27    0.5551115123E-016
     8    27    0.0000000000E+000
     9    27    0.4440892099E-015
    10    27    0.0000000000E+000
    11    27    0.1006139616E-015
    12    27    0.2220446049E-015
    13    27    0.2289834988E-015
    14    27   -0.1554312234E-014
    15    27   -0.6772360450E-014
    16    27    0.7948828228E-015
    17    27    0.1438953123E-014
    18    27    0.2808083627E-015
    19    27    0.1022319365E-009
    20    27   -0.3213286026E-009
    21    27    0.1844261445E-009
    22    27   -0.2800519052E-003
    23    27   -0.1093499596E-009
    24    27   -0.1279124775E-009
    25    27    0.6603970062E-009
    26    27    0.1159341861E-009
    27    27   -0.1548277639E+000
     1    28    0.6039058142E-012
     2    28   -0.4894618044E-010
     3    28   -0.4845503859E-010
     4    28    0.8108940255E-009
     5    28   -0.2028416428E-009
     6    28    0.1978366733E-009
     7    28    0.1110223025E-015
     8    28   -0.7632783294E-016
     9    28   -0.2220446049E-015
    10    28   -0.1387778781E-015
    11    28   -0.1387778781E-016
    12    28    0.1387778781E-016
    13    28   -0.3747002708E-015
    14    28    0.1387778781E-015
    15    28   -0.8465450563E-015
    16    28   -0.2667137344E-016
    17    28    0.7025630078E-016
    18    28    0.2204833538E-014
    19    28   -0.5981325678E-010
    20    28    0.6404298619E-010
    21    28    0.3653531817E-010
    22    28   -0.1093499839E-009
    23    28   -0.2800523129E-003
    24    28   -0.1155829074E-009
    25    28   -0.2015205763E-009
    26    28   -0.5279462115E-009
    27    28   -0.6278337034E-009
    28    28   -0.1548277665E+000
     1    29   -0.4234668172E-011
     2    29    0.7374034716E-010
     3    29    0.1386807266E-009
     4    29   -0.1237251836E-008
     5    29   -0.6086916951E-009
     6    29   -0.2151794799E-009
     7    29    0.0000000000E+000
     8    29    0.1665334537E-015
     9    29    0.4440892099E-015
    10    29   -0.4163336342E-016
    11    29   -0.6938893904E-017
    12    29   -0.9714451465E-016
    13    29   -0.5551115123E-016
    14    29   -0.2740863092E-015
    15    29   -0.7441963712E-015
    16    29    0.2352285033E-014
    17    29    0.1114559833E-014
    18    29    0.7840950111E-015
    19    29   -0.1879208405E-003
    20    29   -0.9241912617E-010
    21    29    0.4536589507E-010
    22    29    0.9037624121E-010
    23    29   -0.5744679038E-010
    24    29   -0.8753899799E-002
    25    29    0.3738925575E-009
    26    29   -0.3315804740E-009
    27    29   -0.3557727472E-009
    28    29    0.2557350232E-009
    29    29    0.2503406614E+000
     1    30   -0.1323718912E-011
     2    30    0.3929911951E-010
     3    30   -0.5881364840E-011
     4    30    0.6435887934E-010
     5    30    0.9691012576E-010
     6    30    0.1549579770E-009
     7    30    0.5551115123E-015
     8    30   -0.6661338148E-015
     9    30   -0.1665334537E-015
    10    30    0.4232725281E-015
    11    30    0.9714451465E-016
    12    30    0.2081668171E-016
    13    30   -0.4701100620E-014
    14    30   -0.1353084311E-015
    15    30    0.2636779683E-015
    16    30   -0.1649722026E-014
    17    30    0.1986258380E-014
    18    30   -0.1114559833E-014
    19    30   -0.9241914525E-010
    20    30   -0.1879213923E-003
    21    30    0.1993017678E-009
    22    30   -0.2965662230E-009
    23    30    0.5369639629E-010
    24    30    0.3738925528E-009
    25    30   -0.8753897595E-002
    26    30   -0.9143363154E-009
    27    30    0.1209298312E-008
    28    30   -0.1928154867E-009
    29    30    0.1570067227E-009
    30    30    0.2503406611E+000
     1    31   -0.2798539178E-011
     2    31    0.9973372128E-010
     3    31   -0.9927472039E-011
     4    31    0.1002667931E-009
     5    31    0.2514883839E-009
     6    31    0.4015283054E-009
     7    31   -0.2220446049E-015
     8    31    0.6661338148E-015
     9    31    0.8326672685E-016
    10    31   -0.7285838599E-016
    11    31    0.4076600169E-015
    12    31    0.2081668171E-016
    13    31   -0.6730727087E-015
    14    31   -0.5148659277E-014
    15    31   -0.3781697178E-015
    16    31    0.1520918808E-014
    17    31   -0.1621099088E-014
    18    31    0.1915134717E-014
    19    31    0.4536588986E-010
    20    31    0.1993017531E-009
    21    31   -0.1879214284E-003
    22    31    0.1752340079E-009
    23    31    0.3359344920E-010
    24    31   -0.3315804699E-009
    25    31   -0.9143363159E-009
    26    31   -0.8753897466E-002
    27    31   -0.7583471880E-009
    28    31   -0.1945715141E-009
    29    31    0.9449241598E-009
    30    31    0.3148951403E-009
    31    31    0.2503406614E+000
     1    32   -0.1731725874E-011
     2    32    0.3219746691E-010
     3    32    0.4994892694E-010
     4    32   -0.4409375573E-009
     5    32   -0.2156675303E-009
     6    32   -0.6520646870E-010
     7    32   -0.5551115123E-016
     8    32    0.0000000000E+000
     9    32    0.4440892099E-015
    10    32    0.3469446952E-016
    11    32   -0.6938893904E-017
    12    32    0.3469446952E-015
    13    32    0.2810252031E-015
    14    32   -0.3191891196E-015
    15    32   -0.4465178227E-014
    16    32   -0.1111090386E-014
    17    32   -0.1144917494E-014
    18    32   -0.1824929097E-014
    19    32    0.9037620478E-010
    20    32   -0.2965663062E-009
    21    32    0.1752340131E-009
    22    32   -0.1879215027E-003
    23    32   -0.1083058747E-009
    24    32   -0.3557727541E-009
    25    32    0.1209298311E-008
    26    32   -0.7583471860E-009
    27    32   -0.8753897026E-002
    28    32    0.5198827887E-009
    29    32   -0.2378730351E-010
    30    32    0.4143690599E-009
    31    32    0.5499128496E-010
    32    32    0.2503406613E+000
     1    33    0.5583034035E-012
     2    33   -0.4431005562E-010
     3    33   -0.5338451903E-010
     4    33    0.5395415148E-009
     5    33    0.4325790854E-010
     6    33   -0.1398185454E-009
     7    33   -0.1110223025E-015
     8    33   -0.1318389842E-015
     9    33    0.0000000000E+000
    10    33   -0.1006139616E-015
    11    33   -0.2602085214E-016
    12    33   -0.1734723476E-017
    13    33   -0.3053113318E-015
    14    33    0.1084202172E-015
    15    33    0.2654126918E-015
    16    33   -0.1335737077E-015
    17    33   -0.8792879619E-016
    18    33   -0.2100750129E-014
    19    33   -0.5744681120E-010
    20    33    0.5369638414E-010
    21    33    0.3359347696E-010
    22    33   -0.1083058417E-009
    23    33   -0.1879219291E-003
    24    33    0.2557350217E-009
    25    33   -0.1928154888E-009
    26    33   -0.1945715134E-009
    27    33    0.5198827853E-009
    28    33   -0.8753894951E-002
    29    33   -0.6870826044E-010
    30    33   -0.6709727912E-010
    31    33   -0.1474943952E-009
    32    33   -0.3974348003E-009
    33    33    0.2503406601E+000
     1    34   -0.4336808690E-018
     2    34   -0.3469446952E-017
     3    34   -0.2255140519E-016
     4    34    0.2879640970E-015
     5    34    0.3096481405E-015
     6    34    0.9280770596E-016
     7    34   -0.3807305166E-011
     8    34    0.1884651289E-012
     9    34    0.1204515654E-011
    10    34    0.3549940853E-009
    11    34   -0.1479305740E-010
    12    34   -0.7046274675E-010
    13    34    0.5238346794E-009
    14    34    0.1525358832E-011
    15    34    0.1302210371E-008
    16    34   -0.3659196929E-008
    17    34    0.1180048802E-009
    18    34   -0.1088197004E-008
    19    34    0.1804112415E-015
    20    34   -0.1474514955E-016
    21    34    0.1474514955E-016
    22    34    0.3816391647E-016
    23    34   -0.9714451465E-016
    24    34    0.2511879593E-014
    25    34    0.2896988205E-015
    26    34    0.2046973702E-015
    27    34   -0.3070460552E-015
    28    34    0.3191891196E-015
    29    34   -0.9783840405E-015
    30    34    0.9974659987E-016
    31    34   -0.3486794187E-015
    32    34    0.5811323645E-015
    33    34    0.7008282843E-015
    34    34    0.8409443023E+000
     1    35   -0.2168404345E-018
     2    35   -0.1040834086E-016
     3    35   -0.5551115123E-016
     4    35   -0.3330669074E-015
     5    35   -0.1226449498E-014
     6    35   -0.2081668171E-016
     7    35    0.1515947090E-011
     8    35   -0.4282082067E-011
     9    35    0.9946904411E-014
    10    35   -0.1041547612E-009
    11    35    0.3165210594E-009
    12    35    0.5693650412E-010
    13    35    0.3517351033E-009
    14    35   -0.1089663741E-008
    15    35   -0.2809097833E-009
    16    35    0.3536925752E-009
    17    35   -0.1182319317E-008
    18    35   -0.3973144383E-009
    19    35    0.1020017404E-014
    20    35    0.8326672685E-016
    21    35    0.1734723476E-017
    22    35    0.1804112415E-015
    23    35   -0.7806255642E-017
    24    35   -0.4236194728E-014
    25    35    0.2664535259E-014
    26    35    0.3295974604E-016
    27    35   -0.8673617380E-015
    28    35    0.1491862189E-015
    29    35   -0.1573394193E-014
    30    35   -0.1804112415E-015
    31    35   -0.1387778781E-016
    32    35    0.2740863092E-015
    33    35    0.3469446952E-016
    34    35    0.6804183085E-009
    35    35    0.8409443054E+000
     1    36   -0.5421010862E-019
     2    36    0.5637851297E-017
     3    36   -0.1318389842E-015
     4    36   -0.5204170428E-015
     5    36   -0.1696559560E-014
     6    36   -0.3469446952E-017
     7    36   -0.2436953417E-011
     8    36   -0.3624572864E-011
     9    36    0.1318077592E-011
    10    36    0.4221371169E-010
    11    36    0.2115544684E-009
    12    36   -0.1097164269E-009
    13    36    0.8249134388E-009
    14    36    0.3263315122E-009
    15    36   -0.3231956035E-009
    16    36   -0.6194236998E-009
    17    36   -0.1763607272E-008
    18    36    0.1303903290E-008
    19    36   -0.4857225733E-016
    20    36    0.1255939797E-014
    21    36   -0.1249000903E-015
    22    36    0.1387778781E-016
    23    36   -0.1561251128E-016
    24    36   -0.4163336342E-015
    25    36   -0.5682954107E-014
    26    36    0.8881784197E-015
    27    36   -0.1908195824E-015
    28    36    0.2272487754E-015
    29    36    0.6279698983E-015
    30    36   -0.2123301535E-014
    31    36   -0.6210310044E-015
    32    36    0.4996003611E-015
    33    36    0.7077671782E-015
    34    36   -0.1901313825E-008
    35    36   -0.4519137148E-009
    36    36    0.8409443038E+000
     1    37    0.0000000000E+000
     2    37    0.8673617380E-017
     3    37   -0.3469446952E-016
     4    37    0.1040834086E-015
     5    37   -0.1804112415E-015
     6    37    0.2428612866E-016
     7    37   -0.1168887903E-011
     8    37   -0.3768668537E-011
     9    37   -0.8156626416E-012
    10    37    0.1364815969E-009
    11    37    0.9550815694E-010
    12    37    0.7554794984E-010
    13    37   -0.2270168784E-009
    14    37    0.8286746515E-009
    15    37    0.2564782119E-009
    16    37   -0.1046338289E-008
    17    37   -0.8482133893E-009
    18    37   -0.9744969155E-009
    19    37    0.2775557562E-016
    20    37    0.6245004514E-016
    21    37    0.1311450948E-014
    22    37    0.8326672685E-016
    23    37    0.6938893904E-017
    24    37   -0.2255140519E-015
    25    37    0.1058181320E-015
    26    37   -0.6085409954E-014
    27    37    0.2164934898E-014
    28    37    0.1908195824E-015
    29    37    0.7754213938E-015
    30    37   -0.4440892099E-015
    31    37   -0.2234323837E-014
    32    37   -0.6054184931E-015
    33    37   -0.1222980051E-015
    34    37    0.1306380143E-009
    35    37    0.8599424887E-009
    36    37    0.6895016164E-009
    37    37    0.8409443044E+000
     1    38    0.3252606517E-018
     2    38   -0.3469446952E-017
     3    38   -0.2428612866E-016
     4    38   -0.4527628272E-015
     5    38   -0.7268491364E-015
     6    38   -0.6982261991E-016
     7    38    0.1318072387E-011
     8    38   -0.2798743876E-011
     9    38   -0.3080770014E-011
    10    38   -0.1097164408E-009
    11    38    0.2009259356E-009
    12    38    0.6381173367E-010
    13    38   -0.3231955988E-009
    14    38   -0.4520026874E-009
    15    38    0.5335115440E-009
    16    38    0.1303903291E-008
    17    38   -0.9999663163E-009
    18    38   -0.3683735192E-009
    19    38    0.1040834086E-016
    20    38    0.4163336342E-016
    21    38   -0.1526556659E-015
    22    38    0.1193489751E-014
    23    38    0.4336808690E-016
    24    38   -0.3400058013E-015
    25    38   -0.1873501354E-015
    26    38   -0.1831867991E-014
    27    38   -0.4902328543E-014
    28    38    0.6383782392E-015
    29    38    0.1006139616E-014
    30    38    0.4943961907E-015
    31    38    0.2220446049E-015
    32    38   -0.1970645869E-014
    33    38   -0.6162605148E-015
    34    38   -0.1575497358E-008
    35    38   -0.7956764830E-009
    36    38    0.1609274138E-009
    37    38    0.3013136303E-009
    38    38    0.8409443045E+000
     1    39   -0.2710505431E-019
     2    39    0.5204170428E-017
     3    39   -0.1387778781E-016
     4    39    0.1630640067E-015
     5    39    0.4510281038E-016
     6    39    0.5204170428E-016
     7    39    0.4715984547E-012
     8    39    0.1676114976E-011
     9    39    0.1009476357E-011
    10    39    0.2070107974E-010
    11    39   -0.8580639671E-010
    12    39   -0.9411633972E-010
    13    39   -0.2771734127E-009
    14    39    0.4660852260E-009
    15    39   -0.3314708640E-009
    16    39   -0.1082626913E-009
    17    39    0.1487867815E-010
    18    39    0.1230942476E-008
    19    39   -0.8673617380E-017
    20    39    0.1110223025E-015
    21    39   -0.2515349040E-016
    22    39   -0.1318389842E-015
    23    39    0.1054711873E-014
    24    39    0.1613292833E-015
    25    39    0.3122502257E-016
    26    39    0.3725318665E-015
    27    39   -0.2036565361E-014
    28    39   -0.4943961907E-014
    29    39    0.3209238431E-016
    30    39    0.7945033520E-015
    31    39    0.8673617380E-017
    32    39    0.2263814136E-015
    33    39   -0.1609823386E-014
    34    39   -0.1972153066E-009
    35    39   -0.2159142570E-009
    36    39   -0.8827681450E-009
    37    39   -0.4803756160E-009
    38    39   -0.2529236022E-010
    39    39    0.8409443013E+000
     1    40    0.5421010862E-019
     2    40    0.0000000000E+000
     3    40   -0.4163336342E-016
     4    40    0.1526556659E-015
     5    40   -0.8326672685E-016
     6    40    0.3469446952E-017
     7    40   -0.2384836252E-011
     8    40    0.1030999505E-011
     9    40    0.7375548089E-011
    10    40    0.1631272895E-009
    11    40   -0.8094381242E-010
    12    40   -0.5229983703E-009
    13    40   -0.1311690472E-008
    14    40    0.8272836409E-011
    15    40    0.6134775283E-009
    16    40    0.3477474571E-009
    17    40    0.6469245554E-009
    18    40    0.3359389329E-008
    19    40   -0.1040834086E-015
    20    40   -0.2081668171E-016
    21    40    0.2081668171E-016
    22    40   -0.3469446952E-017
    23    40   -0.1665334537E-015
    24    40    0.2636779683E-015
    25    40    0.5551115123E-016
    26    40    0.3469446952E-016
    27    40   -0.3157196726E-015
    28    40   -0.2692290835E-014
    29    40    0.6800116026E-015
    30    40   -0.6479192183E-015
    31    40   -0.3469446952E-017
    32    40    0.8174884381E-016
    33    40    0.9506284648E-015
    34    40    0.4510281038E-016
    35    40   -0.1972169650E-009
    36    40    0.1241005063E-008
    37    40    0.7158088480E-009
    38    40    0.1268940092E-008
    39    40   -0.6804179720E-009
    40    40    0.8409443023E+000
     1    41    0.4189996704E-016
     2    41   -0.3176505283E-012
     3    41    0.2876392180E-010
     4    41   -0.2339813152E-010
     5    41   -0.5655539630E-009
     6    41    0.2439011163E-009
     7    41    0.0000000000E+000
     8    41    0.7318364664E-018
     9    41    0.4336808690E-018
    10    41   -0.3469446952E-016
    11    41    0.4336808690E-018
    12    41   -0.8673617380E-018
    13    41    0.1526556659E-015
    14    41   -0.1231653668E-015
    15    41    0.1665334537E-015
    16    41   -0.7632783294E-016
    17    41    0.4510281038E-016
    18    41    0.3972516760E-015
    19    41    0.6157032154E-010
    20    41   -0.4537083610E-010
    21    41   -0.2998749166E-010
    22    41   -0.8290826359E-011
    23    41   -0.8926491143E-010
    24    41   -0.5990005991E-009
    25    41   -0.4094094265E-009
    26    41   -0.2705523444E-009
    27    41   -0.7470059987E-010
    28    41    0.1731909271E-008
    29    41   -0.1572787907E-009
    30    41    0.3035863496E-009
    31    41    0.2005955688E-009
    32    41    0.5532502581E-010
    33    41   -0.6362297841E-010
    34    41   -0.3219646771E-014
    35    41    0.1040834086E-015
    36    41    0.5551115123E-016
    37    41    0.1249000903E-015
    38    41    0.3261280135E-015
    39    41   -0.3400058013E-015
    40    41    0.1387778781E-016
    41    41    0.1829405655E+001
     1    42    0.1898031428E-016
     2    42   -0.1434633662E-012
     3    42    0.1298759190E-010
     4    42   -0.1056756765E-010
     5    42   -0.2549794369E-009
     6    42    0.1101268243E-009
     7    42    0.2168404345E-018
     8    42    0.8673617380E-018
     9    42   -0.1734723476E-017
    10    42    0.1734723476E-016
    11    42    0.2385244779E-016
    12    42   -0.2428612866E-016
    13    42   -0.3001071613E-015
    14    42   -0.4336808690E-015
    15    42   -0.7979727989E-016
    16    42    0.1092875790E-015
    17    42    0.1734723476E-016
    18    42   -0.1105018854E-014
    19    42   -0.8215591402E-011
    20    42   -0.1221041601E-009
    21    42   -0.3384705060E-011
    22    42    0.1521163698E-009
    23    42    0.5450701696E-010
    24    42   -0.6735780128E-009
    25    42   -0.1918641137E-008
    26    42   -0.3049678739E-010
    27    42   -0.4211217208E-009
    28    42    0.1643040842E-009
    29    42    0.2302781993E-009
    30    42    0.9976656341E-009
    31    42    0.2258639283E-010
    32    42   -0.5511125688E-009
    33    42   -0.3904779070E-009
    34    42    0.3747002708E-014
    35    42   -0.2997602166E-014
    36    42   -0.3625572065E-015
    37    42    0.2602085214E-015
    38    42    0.2081668171E-015
    39    42   -0.4440892099E-015
    40    42   -0.8673617380E-017
    41    42    0.8545271921E-009
    42    42    0.1829405656E+001
     1    43   -0.1852223886E-015
     2    43    0.1403629600E-011
     3    43   -0.1271154588E-009
     4    43    0.1033883933E-009
     5    43    0.2501004980E-008
     6    43   -0.1077874835E-008
     7    43    0.8673617380E-018
     8    43    0.1301042607E-017
     9    43    0.1084202172E-017
    10    43   -0.4336808690E-017
    11    43    0.2081668171E-016
    12    43   -0.2710505431E-016
    13    43   -0.4345482307E-015
    14    43    0.1526556659E-015
    15    43   -0.5551115123E-016
    16    43   -0.2905661822E-015
    17    43    0.1174407793E-014
    18    43   -0.1450228826E-014
    19    43    0.9082494305E-010
    20    43    0.1139148238E-009
    21    43   -0.1247016639E-009
    22    43    0.4083310426E-010
    23    43   -0.9815711612E-011
    24    43    0.1590275828E-009
    25    43    0.3869750145E-009
    26    43    0.5355965185E-009
    27    43    0.7187761428E-009
    28    43   -0.8855891281E-010
    29    43   -0.6802508487E-009
    30    43   -0.5746593826E-009
    31    43    0.4020883479E-009
    32    43   -0.2458864839E-009
    33    43    0.6566028537E-010
    34    43    0.4718447855E-015
    35    43    0.4135580767E-014
    36    43   -0.2331468352E-014
    37    43    0.7632783294E-016
    38    43    0.9575673587E-015
    39    43   -0.5898059818E-016
    40    43   -0.2185751580E-015
    41    43   -0.2670817109E-009
    42    43   -0.2356816825E-010
    43    43    0.1829405659E+001
     1    44   -0.1626591250E-015
     2    44    0.1233128833E-011
     3    44   -0.1116671291E-009
     4    44    0.9083078560E-010
     5    44    0.2196098629E-008
     6    44   -0.9468817917E-009
     7    44   -0.1301042607E-017
     8    44   -0.4336808690E-018
     9    44   -0.6505213035E-018
    10    44   -0.8673617380E-017
    11    44    0.4553649124E-016
    12    44    0.1214306433E-016
    13    44   -0.8500145032E-016
    14    44    0.1318389842E-015
    15    44    0.6678685383E-016
    16    44    0.2428612866E-016
    17    44    0.1942890293E-014
    18    44    0.3504141421E-015
    19    44    0.4358072930E-011
    20    44   -0.4270674092E-011
    21    44   -0.7415726713E-010
    22    44    0.1672123139E-010
    23    44    0.6436516164E-010
    24    44    0.2658384485E-009
    25    44   -0.1280941216E-008
    26    44   -0.1098087940E-008
    27    44    0.8291959775E-009
    28    44    0.4571177811E-009
    29    44   -0.9534459854E-010
    30    44   -0.6359754737E-011
    31    44    0.4625554904E-009
    32    44   -0.2887377091E-009
    33    44   -0.4405661756E-009
    34    44    0.6418476861E-016
    35    44    0.1443289932E-014
    36    44    0.5301314943E-014
    37    44   -0.8604228441E-015
    38    44    0.3330669074E-015
    39    44    0.2844946501E-015
    40    44    0.6938893904E-016
    41    44   -0.5357008864E-009
    42    44   -0.2357361622E-008
    43    44   -0.5955619019E-009
    44    44    0.1829405657E+001
     1    45   -0.1513478470E-016
     2    45    0.1121468370E-012
     3    45   -0.1014758590E-010
     4    45    0.8258355805E-011
     5    45    0.1987712911E-009
     6    45   -0.8605325133E-010
     7    45    0.1301042607E-017
     8    45    0.1409462824E-017
     9    45    0.0000000000E+000
    10    45   -0.1084202172E-016
    11    45    0.6938893904E-017
    12    45   -0.5204170428E-017
    13    45   -0.3226585665E-015
    14    45    0.1032160468E-015
    15    45   -0.4701100620E-015
    16    45   -0.8985867606E-015
    17    45   -0.2602085214E-016
    18    45   -0.2064320936E-015
    19    45    0.8756731104E-010
    20    45   -0.2023603160E-010
    21    45   -0.2453248715E-010
    22    45    0.1594397531E-010
    23    45    0.2416284187E-011
    24    45    0.1219480628E-008
    25    45    0.1306054639E-009
    26    45   -0.1244222229E-008
    27    45   -0.4293402023E-009
    28    45   -0.1732166251E-009
    29    45   -0.6981924032E-009
    30    45    0.1600169103E-009
    31    45    0.5116690058E-010
    32    45    0.6098744426E-010
    33    45    0.2669272355E-010
    34    45    0.5039371698E-015
    35    45    0.4440892099E-015
    36    45   -0.1040834086E-016
    37    45    0.5370703882E-014
    38    45   -0.2386979503E-014
    39    45    0.2012279232E-015
    40    45    0.2081668171E-015
    41    45   -0.1939478751E-009
    42    45    0.1310531683E-009
    43    45    0.3734544549E-009
    44    45    0.5918165610E-009
    45    45    0.1829405657E+001
     1    46   -0.1214340315E-015
     2    46    0.9205492271E-012
     3    46   -0.8335789264E-010
     4    46    0.6780695450E-010
     5    46    0.1638969882E-008
     6    46   -0.7068329038E-009
     7    46    0.4336808690E-018
     8    46   -0.2168404345E-017
     9    46    0.0000000000E+000
    10    46    0.6938893904E-017
    11    46    0.1127570259E-016
    12    46    0.1908195824E-016
    13    46    0.8847089727E-016
    14    46   -0.4163336342E-016
    15    46   -0.3729655473E-015
    16    46    0.3625572065E-015
    17    46    0.1144917494E-014
    18    46    0.4787836794E-015
    19    46    0.7766000863E-010
    20    46    0.1672122532E-010
    21    46   -0.9787301872E-010
    22    46   -0.3086396503E-010
    23    46   -0.7711326456E-010
    24    46    0.5769063786E-009
    25    46    0.8291959619E-009
    26    46   -0.9815410637E-010
    27    46   -0.9038666135E-009
    28    46   -0.9223538461E-009
    29    46   -0.5292836655E-009
    30    46   -0.2887377091E-009
    31    46    0.4251429174E-009
    32    46    0.3558960765E-010
    33    46    0.5821657809E-009
    34    46   -0.2983724379E-015
    35    46    0.3538835891E-015
    36    46    0.3191891196E-015
    37    46    0.2386979503E-014
    38    46    0.4787836794E-014
    39    46   -0.1408595462E-014
    40    46   -0.5551115123E-015
    41    46   -0.9776552484E-010
    42    46   -0.1198854349E-008
    43    46   -0.9013887796E-009
    44    46   -0.4092950978E-010
    45    46    0.2888998346E-009
    46    46    0.1829405658E+001
     1    47    0.1441988889E-016
     2    47   -0.1093240082E-012
     3    47    0.9896599165E-011
     4    47   -0.8052547778E-011
     5    47   -0.1941952849E-009
     6    47    0.8392116689E-010
     7    47    0.8673617380E-018
     8    47   -0.4336808690E-018
     9    47   -0.1951563910E-017
    10    47   -0.9107298249E-017
    11    47    0.2428612866E-016
    12    47    0.2602085214E-017
    13    47   -0.4909267437E-015
    14    47   -0.4232725281E-015
    15    47    0.1856154119E-015
    16    47   -0.8049116929E-015
    17    47    0.2046973702E-015
    18    47    0.5186823193E-015
    19    47   -0.9815713129E-011
    20    47    0.5650126200E-010
    21    47    0.4546540575E-010
    22    47   -0.2817200292E-010
    23    47   -0.9518700845E-010
    24    47   -0.8855890500E-010
    25    47    0.8599478352E-009
    26    47   -0.3456831627E-009
    27    47    0.3867359627E-009
    28    47   -0.1519746426E-008
    29    47    0.6566029404E-010
    30    47   -0.3504409610E-009
    31    47   -0.1373537031E-009
    32    47    0.9351200370E-012
    33    47    0.5647564291E-009
    34    47   -0.2220446049E-015
    35    47   -0.8326672685E-016
    36    47    0.5412337245E-015
    37    47   -0.2428612866E-016
    38    47    0.1817990203E-014
    39    47    0.4524158825E-014
    40    47   -0.4857225733E-015
    41    47    0.1500359628E-008
    42    47    0.6368695710E-009
    43    47   -0.2458928894E-009
    44    47   -0.9756158190E-009
    45    47   -0.4106977675E-009
    46    47    0.1907971836E-009
    47    47    0.1829405654E+001
     1    48    0.1035455426E-015
     2    48   -0.7847862984E-012
     3    48    0.7106639409E-010
     4    48   -0.5780703086E-010
     5    48   -0.1397551689E-008
     6    48    0.6026049538E-009
     7    48   -0.2168404345E-017
     8    48   -0.4336808690E-018
     9    48   -0.1734723476E-017
    10    48    0.4857225733E-016
    11    48    0.6938893904E-017
    12    48   -0.1040834086E-016
    13    48    0.2602085214E-015
    14    48   -0.2498001805E-015
    15    48    0.2463307336E-015
    16    48    0.9645062526E-015
    17    48    0.1804112415E-015
    18    48   -0.4128641873E-015
    19    48    0.5450697185E-010
    20    48   -0.1888433836E-009
    21    48   -0.1852257041E-010
    22    48    0.2258921218E-009
    23    48    0.8215610484E-011
    24    48    0.1643057287E-009
    25    48    0.8976362709E-010
    26    48   -0.1671406104E-009
    27    48    0.1222056369E-008
    28    48    0.6735776242E-009
    29    48   -0.3904780284E-009
    30    48    0.7967910116E-009
    31    48    0.1239386111E-009
    32    48   -0.1331529685E-008
    33    48   -0.2302781646E-009
    34    48   -0.2602085214E-016
    35    48   -0.3608224830E-015
    36    48   -0.1665334537E-015
    37    48    0.2220446049E-015
    38    48   -0.2341876693E-015
    39    48    0.3164135620E-014
    40    48    0.3774758284E-014
    41    48    0.5044547696E-009
    42    48   -0.2906598573E-012
    43    48    0.6370420094E-009
    44    48    0.7652717522E-009
    45    48    0.7189217624E-009
    46    48    0.1753219632E-008
    47    48    0.2377651895E-010
    48    48    0.1829405656E+001
     1    49    0.3971195389E-015
     2    49   -0.3009552460E-011
     3    49    0.2725382316E-009
     4    49   -0.2216790393E-009
     5    49   -0.5360550302E-008
     6    49    0.2310989211E-008
     7    49   -0.4336808690E-018
     8    49    0.0000000000E+000
     9    49   -0.2168404345E-017
    10    49   -0.8239936511E-017
    11    49   -0.3469446952E-017
    12    49    0.1734723476E-016
    13    49    0.1179611964E-015
    14    49    0.1968911145E-015
    15    49   -0.5551115123E-016
    16    49    0.3972516760E-015
    17    49   -0.1795438798E-015
    18    49    0.1734723476E-016
    19    49    0.8926491837E-010
    20    49   -0.8290785593E-011
    21    49   -0.2841378502E-009
    22    49    0.4537084207E-010
    23    49    0.6157033217E-010
    24    49   -0.1731909248E-008
    25    49   -0.7470179857E-010
    26    49   -0.2564369201E-008
    27    49    0.4094091888E-009
    28    49   -0.5990006373E-009
    29    49    0.6362300096E-010
    30    49    0.5532509000E-010
    31    49    0.1901780030E-008
    32    49   -0.3035863227E-009
    33    49   -0.1572787109E-009
    34    49    0.4163336342E-016
    35    49    0.3538835891E-015
    36    49    0.2914335440E-015
    37    49   -0.4406197629E-015
    38    49   -0.1387778781E-015
    39    49    0.9714451465E-016
    40    49    0.3275157923E-014
    41    49    0.5273212422E-013
    42    49    0.5046893736E-009
    43    49   -0.1499975033E-008
    44    49   -0.9785336430E-010
    45    49   -0.1837881351E-008
    46    49    0.5358046576E-009
    47    49   -0.2670566858E-009
    48    49   -0.8546950508E-009
    49    49    0.1829405655E+001
