     1     1    0.9999999247E+000
     1     2   -0.2271998274E-007
     2     2    0.9999999918E+000
     1     3   -0.9537892859E-008
     2     3   -0.4391051271E-008
     3     3    0.9999999981E+000
     1     4   -0.3922566694E-008
     2     4   -0.3308431250E-008
     3     4   -0.6259608750E-008
     4     4    0.9999999986E+000
     1     5   -0.1555374937E-008
     2     5   -0.2403516588E-009
     3     5   -0.9292183958E-008
     4     5    0.2237824466E-009
     5     5    0.9999999951E+000
     1     6    0.1239588022E-008
     2     6    0.1580806493E-009
     3     6   -0.2803259904E-008
     4     6    0.2010976622E-007
     5     6   -0.3611692367E-007
     6     6    0.9999995479E+000
     1     7   -0.1387778781E-016
     2     7    0.0000000000E+000
     3     7   -0.3469446952E-017
     4     7    0.1127570259E-016
     5     7    0.5421010862E-017
     6     7    0.2602085214E-017
     7     7    0.9999999998E+000
     1     8   -0.1387778781E-016
     2     8    0.2775557562E-016
     3     8   -0.1214306433E-016
     4     8    0.5421010862E-017
     5     8    0.3469446952E-017
     6     8    0.3035766083E-017
     7     8   -0.4163336342E-016
     8     8    0.9999999998E+000
     1     9    0.1387778781E-016
     2     9    0.1387778781E-016
     3     9    0.1040834086E-016
     4     9   -0.9974659987E-017
     5     9   -0.4553649124E-017
     6     9   -0.1029992064E-017
     7     9    0.2775557562E-016
     8     9    0.2775557562E-016
     9     9    0.9999999998E+000
     1    10    0.0000000000E+000
     2    10    0.0000000000E+000
     3    10    0.0000000000E+000
     4    10    0.6938893904E-017
     5    10    0.0000000000E+000
     6    10   -0.6938893904E-017
     7    10   -0.1252298209E-009
     8    10    0.5637851297E-017
     9    10   -0.1127570259E-016
    10    10    0.9999999996E+000
     1    11    0.0000000000E+000
     2    11    0.1387778781E-016
     3    11    0.2775557562E-016
     4    11    0.1561251128E-016
     5    11    0.2168404345E-017
     6    11   -0.5204170428E-017
     7    11    0.4770489559E-017
     8    11   -0.1252298178E-009
     9    11   -0.5637851297E-017
    10    11   -0.8326672685E-016
    11    11    0.9999999996E+000
     1    12    0.3469446952E-017
     2    12   -0.1040834086E-016
     3    12   -0.2775557562E-016
     4    12   -0.1040834086E-016
     5    12    0.6938893904E-017
     6    12    0.8673617380E-017
     7    12   -0.1301042607E-016
     8    12   -0.5204170428E-017
     9    12   -0.1252298109E-009
    10    12    0.6245004514E-016
    11    12    0.6245004514E-016
    12    12    0.9999999996E+000
     1    13    0.6938893904E-017
     2    13    0.8673617380E-017
     3    13    0.1387778781E-016
     4    13   -0.2775557562E-016
     5    13   -0.1127570259E-016
     6    13   -0.8673617380E-017
     7    13   -0.1099136758E-008
     8    13   -0.2168404345E-017
     9    13   -0.1409462824E-017
    10    13   -0.1781543982E-008
    11    13   -0.6938893904E-017
    12    13   -0.3469446952E-017
    13    13    0.9999999989E+000
     1    14    0.1127570259E-016
     2    14    0.1734723476E-017
     3    14   -0.6938893904E-017
     4    14    0.2775557562E-016
     5    14   -0.1040834086E-016
     6    14    0.1214306433E-016
     7    14   -0.2168404345E-018
     8    14   -0.1099136763E-008
     9    14    0.2818925648E-017
    10    14   -0.5204170428E-017
    11    14   -0.1781543944E-008
    12    14    0.6938893904E-017
    13    14    0.4163336342E-016
    14    14    0.9999999989E+000
     1    15   -0.6938893904E-017
     2    15   -0.8673617380E-018
     3    15   -0.2081668171E-016
     4    15    0.0000000000E+000
     5    15    0.6938893904E-017
     6    15    0.3469446952E-017
     7    15   -0.1409462824E-017
     8    15    0.3686287386E-017
     9    15   -0.1099136766E-008
    10    15   -0.3469446952E-017
    11    15    0.8673617380E-017
    12    15   -0.1781543957E-008
    13    15    0.0000000000E+000
    14    15    0.0000000000E+000
    15    15    0.9999999989E+000
     1    16   -0.4336808690E-018
     2    16    0.4336808690E-018
     3    16   -0.3469446952E-017
     4    16   -0.1387778781E-016
     5    16   -0.6938893904E-017
     6    16   -0.2255140519E-016
     7    16    0.1103640746E-009
     8    16    0.4336808690E-018
     9    16    0.1084202172E-018
    10    16   -0.7239611464E-008
    11    16   -0.8673617380E-018
    12    16    0.3469446952E-017
    13    16   -0.9209175852E-009
    14    16    0.1734723476E-016
    15    16   -0.4336808690E-017
    16    16    0.9999999741E+000
     1    17    0.1301042607E-017
     2    17   -0.8673617380E-018
     3    17    0.4336808690E-018
     4    17    0.0000000000E+000
     5    17    0.2081668171E-016
     6    17   -0.3469446952E-017
     7    17   -0.4336808690E-018
     8    17    0.1103640768E-009
     9    17    0.1084202172E-018
    10    17   -0.8673617380E-018
    11    17   -0.7239611465E-008
    12    17    0.1084202172E-017
    13    17    0.1647987302E-016
    14    17   -0.9209175818E-009
    15    17   -0.6938893904E-017
    16    17   -0.6938893904E-017
    17    17    0.9999999741E+000
     1    18   -0.1734723476E-017
     2    18    0.6505213035E-018
     3    18    0.2168404345E-018
     4    18   -0.3469446952E-017
     5    18    0.2775557562E-016
     6    18   -0.3469446952E-016
     7    18    0.2168404345E-018
     8    18    0.1084202172E-018
     9    18    0.1103640733E-009
    10    18    0.4336808690E-017
    11    18    0.2168404345E-017
    12    18   -0.7239611468E-008
    13    18   -0.3469446952E-017
    14    18   -0.6938893904E-017
    15    18   -0.9209175922E-009
    16    18    0.0000000000E+000
    17    18    0.2775557562E-016
    18    18    0.9999999741E+000
     1    19    0.1517883041E-017
     2    19   -0.2775557562E-016
     3    19   -0.1387778781E-016
     4    19   -0.1387778781E-016
     5    19    0.3469446952E-017
     6    19   -0.1734723476E-017
     7    19    0.1387778781E-016
     8    19    0.1387778781E-016
     9    19   -0.2775557562E-016
    10    19   -0.2775557562E-016
    11    19    0.5551115123E-016
    12    19    0.0000000000E+000
    13    19   -0.3469446952E-017
    14    19   -0.6938893904E-017
    15    19    0.6938893904E-017
    16    19    0.0000000000E+000
    17    19   -0.3469446952E-017
    18    19    0.5204170428E-017
    19    19    0.9999999999E+000
     1    20    0.1734723476E-017
     2    20   -0.4163336342E-016
     3    20    0.5551115123E-016
     4    20   -0.6938893904E-017
     5    20   -0.6071532166E-017
     6    20   -0.1734723476E-017
     7    20    0.0000000000E+000
     8    20    0.0000000000E+000
     9    20   -0.6938893904E-017
    10    20   -0.5551115123E-016
    11    20    0.0000000000E+000
    12    20   -0.5551115123E-016
    13    20    0.1040834086E-016
    14    20   -0.3469446952E-017
    15    20    0.1734723476E-017
    16    20   -0.1301042607E-017
    17    20   -0.8673617380E-017
    18    20    0.3903127821E-017
    19    20   -0.2081668171E-016
    20    20    0.9999999999E+000
     1    21    0.3035766083E-017
     2    21   -0.6071532166E-016
     3    21    0.2775557562E-016
     4    21    0.1214306433E-016
     5    21    0.3469446952E-017
     6    21    0.2602085214E-017
     7    21   -0.3469446952E-016
     8    21    0.2775557562E-016
     9    21    0.2255140519E-016
    10    21    0.6938893904E-016
    11    21   -0.4163336342E-016
    12    21   -0.2775557562E-016
    13    21    0.1908195824E-016
    14    21    0.2081668171E-016
    15    21   -0.1561251128E-016
    16    21   -0.3035766083E-017
    17    21   -0.8023096076E-017
    18    21    0.1734723476E-017
    19    21   -0.6938893904E-016
    20    21    0.1387778781E-016
    21    21    0.9999999999E+000
     1    22   -0.8673617380E-018
     2    22    0.2081668171E-016
     3    22   -0.6938893904E-016
     4    22    0.3469446952E-017
     5    22    0.3469446952E-017
     6    22   -0.2602085214E-017
     7    22   -0.6938893904E-017
     8    22   -0.2775557562E-016
     9    22    0.2775557562E-016
    10    22   -0.5551115123E-016
    11    22    0.5551115123E-016
    12    22   -0.2775557562E-016
    13    22    0.3469446952E-017
    14    22   -0.6938893904E-017
    15    22    0.0000000000E+000
    16    22    0.3469446952E-017
    17    22    0.4770489559E-017
    18    22    0.1301042607E-017
    19    22    0.1387778781E-016
    20    22    0.5898059818E-016
    21    22   -0.3469446952E-016
    22    22    0.9999999999E+000
     1    23   -0.1734723476E-017
     2    23    0.0000000000E+000
     3    23    0.3469446952E-017
     4    23   -0.3469446952E-017
     5    23   -0.8673617380E-018
     6    23   -0.8673617380E-018
     7    23    0.1387778781E-016
     8    23   -0.4336808690E-017
     9    23   -0.6938893904E-017
    10    23   -0.4163336342E-016
    11    23    0.1387778781E-016
    12    23   -0.2775557562E-016
    13    23    0.1040834086E-016
    14    23    0.2602085214E-017
    15    23   -0.1734723476E-017
    16    23    0.2168404345E-017
    17    23    0.1301042607E-017
    18    23    0.2168404345E-017
    19    23    0.0000000000E+000
    20    23   -0.1387778781E-016
    21    23    0.1040834086E-016
    22    23   -0.3122502257E-016
    23    23    0.9999999999E+000
     1    24    0.1734723476E-017
     2    24    0.6071532166E-017
     3    24   -0.5204170428E-017
     4    24    0.6938893904E-017
     5    24    0.1387778781E-016
     6    24   -0.1387778781E-016
     7    24    0.3469446952E-017
     8    24    0.4336808690E-017
     9    24    0.0000000000E+000
    10    24   -0.3469446952E-017
    11    24    0.8673617380E-018
    12    24    0.3469446952E-017
    13    24   -0.5551115123E-016
    14    24    0.1387778781E-016
    15    24    0.5204170428E-016
    16    24    0.1387778781E-016
    17    24    0.6938893904E-017
    18    24   -0.5204170428E-017
    19    24    0.4725964290E-008
    20    24   -0.6071532166E-017
    21    24    0.4553649124E-017
    22    24    0.1170938346E-016
    23    24   -0.3469446952E-017
    24    24    0.9999999950E+000
     1    25    0.1084202172E-017
     2    25   -0.1734723476E-017
     3    25   -0.1127570259E-016
     4    25    0.0000000000E+000
     5    25    0.3469446952E-017
     6    25   -0.3469446952E-017
     7    25    0.0000000000E+000
     8    25    0.0000000000E+000
     9    25   -0.8673617380E-018
    10    25    0.2602085214E-017
    11    25    0.5204170428E-017
    12    25   -0.4336808690E-018
    13    25   -0.2081668171E-016
    14    25   -0.4163336342E-016
    15    25    0.1387778781E-016
    16    25    0.1387778781E-016
    17    25    0.1387778781E-016
    18    25   -0.6938893904E-017
    19    25   -0.5204170428E-017
    20    25    0.4725964307E-008
    21    25    0.1734723476E-017
    22    25    0.1040834086E-016
    23    25    0.3469446952E-017
    24    25    0.3469446952E-017
    25    25    0.9999999950E+000
     1    26    0.1626303259E-017
     2    26   -0.1821459650E-016
     3    26    0.8456776945E-017
     4    26    0.7806255642E-016
     5    26   -0.4163336342E-016
     6    26    0.1040834086E-016
     7    26    0.8673617380E-017
     8    26    0.3469446952E-017
     9    26   -0.8890457814E-017
    10    26    0.8673617380E-018
    11    26   -0.9107298249E-017
    12    26   -0.5204170428E-017
    13    26    0.1387778781E-016
    14    26   -0.1387778781E-016
    15    26    0.1387778781E-016
    16    26   -0.5204170428E-017
    17    26    0.1821459650E-016
    18    26   -0.1387778781E-016
    19    26    0.2818925648E-017
    20    26    0.4770489559E-017
    21    26    0.4725964328E-008
    22    26   -0.4770489559E-017
    23    26   -0.3035766083E-017
    24    26    0.3295974604E-016
    25    26   -0.3469446952E-017
    26    26    0.9999999950E+000
     1    27   -0.8673617380E-018
     2    27   -0.3469446952E-017
     3    27   -0.6505213035E-017
     4    27    0.2775557562E-016
     5    27    0.1734723476E-016
     6    27    0.1734723476E-017
     7    27   -0.1734723476E-017
     8    27   -0.1734723476E-017
     9    27   -0.1734723476E-017
    10    27   -0.4336808690E-018
    11    27   -0.1734723476E-017
    12    27    0.8673617380E-018
    13    27    0.0000000000E+000
    14    27    0.2775557562E-016
    15    27   -0.4163336342E-016
    16    27   -0.3469446952E-017
    17    27   -0.2775557562E-016
    18    27    0.1734723476E-017
    19    27    0.1257674520E-016
    20    27    0.1387778781E-016
    21    27   -0.2602085214E-017
    22    27    0.4725964289E-008
    23    27    0.3903127821E-017
    24    27    0.0000000000E+000
    25    27    0.0000000000E+000
    26    27   -0.1734723476E-017
    27    27    0.9999999950E+000
     1    28   -0.1084202172E-018
     2    28    0.0000000000E+000
     3    28   -0.8673617380E-018
     4    28    0.6938893904E-017
     5    28   -0.3469446952E-017
     6    28   -0.8673617380E-017
     7    28   -0.1734723476E-017
     8    28    0.2168404345E-018
     9    28    0.0000000000E+000
    10    28   -0.5204170428E-017
    11    28    0.1084202172E-017
    12    28    0.0000000000E+000
    13    28   -0.1387778781E-016
    14    28    0.3469446952E-017
    15    28   -0.1387778781E-016
    16    28    0.6938893904E-017
    17    28   -0.5204170428E-017
    18    28   -0.2775557562E-016
    19    28   -0.3469446952E-017
    20    28    0.8673617380E-018
    21    28   -0.1301042607E-017
    22    28    0.4336808690E-017
    23    28    0.4725964359E-008
    24    28    0.1040834086E-016
    25    28   -0.6938893904E-017
    26    28    0.1214306433E-016
    27    28   -0.6938893904E-017
    28    28    0.9999999950E+000
     1    29    0.4336808690E-018
     2    29   -0.8673617380E-017
     3    29    0.1040834086E-016
     4    29    0.1040834086E-016
     5    29    0.1387778781E-016
     6    29    0.1387778781E-016
     7    29    0.6938893904E-017
     8    29    0.0000000000E+000
     9    29   -0.3469446952E-017
    10    29   -0.1734723476E-017
    11    29   -0.1734723476E-017
    12    29   -0.6938893904E-017
    13    29   -0.2775557562E-016
    14    29   -0.6938893904E-017
    15    29    0.0000000000E+000
    16    29   -0.2775557562E-016
    17    29    0.1040834086E-016
    18    29   -0.4336808690E-016
    19    29   -0.1057568355E-007
    20    29   -0.6938893904E-017
    21    29    0.2602085214E-017
    22    29    0.6505213035E-017
    23    29   -0.4336808690E-018
    24    29    0.1989914352E-007
    25    29   -0.3122502257E-016
    26    29    0.3469446952E-017
    27    29    0.1387778781E-016
    28    29   -0.6071532166E-017
    29    29    0.9999999092E+000
     1    30    0.1301042607E-017
     2    30   -0.5204170428E-017
     3    30    0.1647987302E-016
     4    30   -0.2081668171E-016
     5    30    0.1040834086E-016
     6    30    0.6938893904E-017
     7    30    0.3469446952E-017
     8    30    0.0000000000E+000
     9    30   -0.1734723476E-017
    10    30    0.3035766083E-017
    11    30    0.5204170428E-017
    12    30    0.3903127821E-017
    13    30    0.1387778781E-016
    14    30   -0.2081668171E-016
    15    30    0.6938893904E-017
    16    30    0.1387778781E-016
    17    30    0.0000000000E+000
    18    30   -0.1040834086E-016
    19    30   -0.6071532166E-017
    20    30   -0.1057568353E-007
    21    30   -0.6505213035E-018
    22    30   -0.1734723476E-017
    23    30   -0.8673617380E-018
    24    30   -0.2775557562E-016
    25    30    0.1989914354E-007
    26    30    0.1214306433E-016
    27    30    0.1387778781E-016
    28    30    0.0000000000E+000
    29    30   -0.3469446952E-017
    30    30    0.9999999092E+000
     1    31    0.1301042607E-017
     2    31   -0.2211772432E-016
     3    31    0.8673617380E-018
     4    31    0.1387778781E-016
     5    31    0.3295974604E-016
     6    31    0.7632783294E-016
     7    31    0.1734723476E-017
     8    31   -0.5204170428E-017
     9    31    0.4770489559E-017
    10    31    0.2168404345E-017
    11    31   -0.5637851297E-017
    12    31   -0.2602085214E-017
    13    31    0.1040834086E-016
    14    31    0.0000000000E+000
    15    31   -0.1387778781E-016
    16    31   -0.3469446952E-017
    17    31    0.3469446952E-017
    18    31    0.6938893904E-017
    19    31    0.5637851297E-017
    20    31    0.1084202172E-017
    21    31   -0.1057568347E-007
    22    31   -0.1301042607E-017
    23    31   -0.1301042607E-017
    24    31    0.0000000000E+000
    25    31    0.0000000000E+000
    26    31    0.1989914374E-007
    27    31    0.3469446952E-017
    28    31    0.0000000000E+000
    29    31    0.1734723476E-016
    30    31    0.1561251128E-016
    31    31    0.9999999092E+000
     1    32   -0.1192622390E-017
     2    32    0.6938893904E-017
     3    32   -0.1561251128E-016
     4    32    0.2775557562E-016
     5    32    0.3469446952E-017
     6    32   -0.1734723476E-016
     7    32   -0.1734723476E-017
     8    32    0.0000000000E+000
     9    32    0.8673617380E-017
    10    32    0.3903127821E-017
    11    32   -0.1084202172E-017
    12    32    0.3469446952E-017
    13    32    0.6938893904E-017
    14    32   -0.2775557562E-016
    15    32    0.6938893904E-017
    16    32   -0.1387778781E-016
    17    32   -0.2775557562E-016
    18    32   -0.6938893904E-017
    19    32    0.2168404345E-017
    20    32   -0.1734723476E-017
    21    32    0.4336808690E-018
    22    32   -0.1057568353E-007
    23    32    0.0000000000E+000
    24    32    0.3469446952E-017
    25    32    0.1387778781E-016
    26    32    0.5204170428E-017
    27    32    0.1989914358E-007
    28    32   -0.6938893904E-017
    29    32   -0.2081668171E-016
    30    32    0.1387778781E-016
    31    32    0.0000000000E+000
    32    32    0.9999999092E+000
     1    33   -0.3252606517E-018
     2    33    0.1734723476E-017
     3    33    0.0000000000E+000
     4    33   -0.3469446952E-017
     5    33    0.0000000000E+000
     6    33   -0.6938893904E-017
     7    33    0.1734723476E-017
     8    33   -0.8673617380E-018
     9    33   -0.1734723476E-017
    10    33    0.0000000000E+000
    11    33   -0.1301042607E-017
    12    33    0.3469446952E-017
    13    33    0.1040834086E-016
    14    33    0.0000000000E+000
    15    33    0.1387778781E-016
    16    33    0.3469446952E-016
    17    33    0.0000000000E+000
    18    33    0.1387778781E-016
    19    33   -0.1301042607E-017
    20    33    0.1734723476E-017
    21    33    0.2168404345E-017
    22    33   -0.1301042607E-017
    23    33   -0.1057568350E-007
    24    33   -0.1301042607E-016
    25    33    0.0000000000E+000
    26    33    0.3469446952E-017
    27    33   -0.6938893904E-017
    28    33    0.1989914365E-007
    29    33   -0.1734723476E-017
    30    33   -0.3469446952E-017
    31    33    0.0000000000E+000
    32    33   -0.1040834086E-016
    33    33    0.9999999092E+000
     1    34    0.4235164736E-021
     2    34    0.2710505431E-019
     3    34    0.5421010862E-018
     4    34    0.0000000000E+000
     5    34    0.3295974604E-016
     6    34   -0.4336808690E-017
     7    34   -0.6776263578E-019
     8    34    0.6776263578E-020
     9    34    0.1897353802E-018
    10    34    0.1246832498E-017
    11    34    0.1301042607E-017
    12    34    0.1734723476E-017
    13    34    0.3469446952E-017
    14    34    0.8673617380E-017
    15    34    0.1214306433E-016
    16    34   -0.2255140519E-016
    17    34    0.5204170428E-017
    18    34   -0.6938893904E-017
    19    34   -0.3469446952E-017
    20    34    0.0000000000E+000
    21    34    0.2276824562E-017
    22    34   -0.1734723476E-017
    23    34   -0.3469446952E-017
    24    34    0.0000000000E+000
    25    34   -0.1994931997E-016
    26    34    0.1387778781E-016
    27    34    0.3469446952E-016
    28    34   -0.1734723476E-016
    29    34    0.6938893904E-017
    30    34    0.1040834086E-016
    31    34    0.0000000000E+000
    32    34    0.5204170428E-017
    33    34    0.6938893904E-017
    34    34    0.9999999990E+000
     1    35    0.0000000000E+000
     2    35    0.2168404345E-018
     3    35    0.3469446952E-017
     4    35    0.0000000000E+000
     5    35    0.2081668171E-016
     6    35    0.2081668171E-016
     7    35    0.2710505431E-019
     8    35    0.3388131789E-019
     9    35    0.1626303259E-018
    10    35    0.1734723476E-017
    11    35    0.0000000000E+000
    12    35   -0.3469446952E-017
    13    35   -0.3469446952E-016
    14    35    0.6938893904E-017
    15    35    0.2775557562E-016
    16    35    0.6938893904E-017
    17    35   -0.6938893904E-017
    18    35    0.6938893904E-017
    19    35   -0.6938893904E-017
    20    35    0.0000000000E+000
    21    35   -0.4336808690E-018
    22    35    0.1127570259E-016
    23    35   -0.2168404345E-018
    24    35   -0.6938893904E-017
    25    35    0.5551115123E-016
    26    35   -0.6938893904E-017
    27    35   -0.6245004514E-016
    28    35    0.8673617380E-017
    29    35   -0.8673617380E-017
    30    35    0.1387778781E-016
    31    35   -0.6938893904E-017
    32    35    0.1387778781E-016
    33    35   -0.1734723476E-017
    34    35    0.6938893904E-017
    35    35    0.9999999990E+000
     1    36    0.2117582368E-021
     2    36   -0.1829591166E-018
     3    36    0.2168404345E-017
     4    36    0.1387778781E-016
     5    36    0.1387778781E-016
     6    36    0.1387778781E-016
     7    36    0.5827586677E-018
     8    36    0.5421010862E-019
     9    36   -0.5421010862E-019
    10    36   -0.1821459650E-016
    11    36   -0.6938893904E-017
    12    36    0.6505213035E-018
    13    36    0.8673617380E-016
    14    36    0.0000000000E+000
    15    36   -0.1040834086E-016
    16    36   -0.1249000903E-015
    17    36    0.6938893904E-017
    18    36   -0.8673617380E-017
    19    36    0.1734723476E-017
    20    36   -0.3469446952E-017
    21    36    0.1734723476E-017
    22    36   -0.1734723476E-017
    23    36    0.8673617380E-018
    24    36   -0.2775557562E-016
    25    36   -0.2775557562E-016
    26    36    0.4163336342E-016
    27    36   -0.4163336342E-016
    28    36    0.1734723476E-016
    29    36    0.0000000000E+000
    30    36    0.1127570259E-016
    31    36   -0.3469446952E-017
    32    36    0.6938893904E-017
    33    36   -0.6938893904E-017
    34    36    0.0000000000E+000
    35    36   -0.6938893904E-017
    36    36    0.9999999990E+000
     1    37   -0.2435219723E-020
     2    37   -0.1355252716E-018
     3    37   -0.4336808690E-018
     4    37   -0.1214306433E-016
     5    37   -0.6938893904E-017
     6    37   -0.1040834086E-016
     7    37   -0.1084202172E-018
     8    37    0.9893344824E-018
     9    37    0.9486769009E-019
    10    37   -0.1734723476E-017
    11    37   -0.2168404345E-016
    12    37    0.0000000000E+000
    13    37    0.0000000000E+000
    14    37    0.1231653668E-015
    15    37   -0.1387778781E-016
    16    37   -0.1561251128E-016
    17    37   -0.1075528555E-015
    18    37    0.1387778781E-016
    19    37    0.8673617380E-018
    20    37    0.2168404345E-017
    21    37   -0.1734723476E-017
    22    37   -0.1734723476E-017
    23    37    0.0000000000E+000
    24    37   -0.6938893904E-017
    25    37    0.1301042607E-016
    26    37    0.0000000000E+000
    27    37   -0.2775557562E-016
    28    37    0.3469446952E-017
    29    37    0.3469446952E-017
    30    37   -0.1734723476E-016
    31    37    0.1734723476E-016
    32    37    0.1734723476E-017
    33    37   -0.1040834086E-016
    34    37   -0.1387778781E-016
    35    37    0.6938893904E-017
    36    37    0.2341876693E-016
    37    37    0.9999999990E+000
     1    38   -0.4235164736E-021
     2    38    0.2032879073E-018
     3    38   -0.8673617380E-018
     4    38   -0.6938893904E-017
     5    38    0.6938893904E-017
     6    38   -0.1387778781E-016
     7    38   -0.6776263578E-019
     8    38   -0.1084202172E-018
     9    38    0.4878909776E-018
    10    38    0.2168404345E-018
    11    38    0.3469446952E-017
    12    38   -0.1387778781E-016
    13    38   -0.1734723476E-016
    14    38   -0.1387778781E-016
    15    38    0.9714451465E-016
    16    38    0.0000000000E+000
    17    38    0.2255140519E-016
    18    38   -0.1318389842E-015
    19    38   -0.3469446952E-017
    20    38   -0.3469446952E-017
    21    38    0.0000000000E+000
    22    38   -0.1734723476E-017
    23    38   -0.2168404345E-017
    24    38    0.2081668171E-016
    25    38   -0.4163336342E-016
    26    38   -0.2775557562E-016
    27    38   -0.1387778781E-016
    28    38    0.1387778781E-016
    29    38   -0.6938893904E-017
    30    38    0.6938893904E-017
    31    38    0.0000000000E+000
    32    38    0.2081668171E-016
    33    38   -0.6938893904E-017
    34    38   -0.6938893904E-017
    35    38   -0.6938893904E-017
    36    38    0.0000000000E+000
    37    38   -0.1214306433E-016
    38    38    0.9999999990E+000
     1    39    0.1588186776E-021
     2    39    0.0000000000E+000
     3    39   -0.1734723476E-017
     4    39    0.0000000000E+000
     5    39    0.1908195824E-016
     6    39    0.0000000000E+000
     7    39   -0.5421010862E-019
     8    39    0.4065758147E-019
     9    39   -0.1355252716E-019
    10    39    0.1734723476E-017
    11    39   -0.1301042607E-017
    12    39   -0.8673617380E-018
    13    39    0.0000000000E+000
    14    39   -0.8673617380E-017
    15    39   -0.2081668171E-016
    16    39   -0.8673617380E-017
    17    39   -0.1734723476E-017
    18    39   -0.1387778781E-016
    19    39   -0.1084202172E-017
    20    39   -0.8673617380E-018
    21    39    0.3252606517E-018
    22    39   -0.3035766083E-017
    23    39    0.0000000000E+000
    24    39    0.1734723476E-017
    25    39    0.0000000000E+000
    26    39   -0.1040834086E-016
    27    39    0.1387778781E-016
    28    39   -0.2775557562E-016
    29    39   -0.5204170428E-017
    30    39   -0.2081668171E-016
    31    39   -0.3035766083E-017
    32    39   -0.1387778781E-016
    33    39    0.5204170428E-017
    34    39    0.1387778781E-016
    35    39   -0.1040834086E-016
    36    39    0.0000000000E+000
    37    39    0.3469446952E-017
    38    39    0.2428612866E-016
    39    39    0.9999999990E+000
     1    40    0.8470329473E-021
     2    40    0.0000000000E+000
     3    40    0.0000000000E+000
     4    40    0.1387778781E-016
     5    40   -0.6938893904E-017
     6    40    0.0000000000E+000
     7    40   -0.1761828530E-018
     8    40    0.4065758147E-019
     9    40    0.4743384505E-019
    10    40   -0.3469446952E-017
    11    40    0.1084202172E-018
    12    40   -0.2168404345E-017
    13    40   -0.1040834086E-016
    14    40    0.6071532166E-017
    15    40   -0.2428612866E-016
    16    40    0.0000000000E+000
    17    40   -0.1734723476E-017
    18    40    0.0000000000E+000
    19    40   -0.6938893904E-017
    20    40    0.8673617380E-018
    21    40    0.0000000000E+000
    22    40    0.0000000000E+000
    23    40    0.0000000000E+000
    24    40   -0.2081668171E-016
    25    40   -0.2081668171E-016
    26    40    0.1387778781E-016
    27    40    0.2775557562E-016
    28    40    0.2775557562E-016
    29    40   -0.1387778781E-016
    30    40   -0.5204170428E-017
    31    40    0.3469446952E-017
    32    40   -0.1040834086E-016
    33    40   -0.8673617380E-017
    34    40    0.6938893904E-017
    35    40   -0.2428612866E-016
    36    40    0.2081668171E-016
    37    40   -0.1561251128E-016
    38    40   -0.1387778781E-016
    39    40   -0.1387778781E-016
    40    40    0.9999999990E+000
     1    41    0.1695720256E-022
     2    41    0.5082197684E-020
     3    41    0.0000000000E+000
     4    41   -0.3469446952E-017
     5    41    0.1387778781E-016
     6    41    0.2602085214E-017
     7    41    0.1355252716E-019
     8    41    0.5082197684E-020
     9    41    0.1355252716E-019
    10    41   -0.8673617380E-018
    11    41   -0.5421010862E-018
    12    41   -0.1084202172E-017
    13    41   -0.1387778781E-016
    14    41    0.8673617380E-017
    15    41   -0.2081668171E-016
    16    41    0.1040834086E-016
    17    41    0.3469446952E-017
    18    41    0.1387778781E-016
    19    41    0.6505213035E-018
    20    41    0.2710505431E-018
    21    41   -0.6505213035E-018
    22    41    0.0000000000E+000
    23    41    0.1734723476E-017
    24    41    0.8673617380E-017
    25    41   -0.1127570259E-016
    26    41    0.6938893904E-017
    27    41    0.6938893904E-017
    28    41    0.1040834086E-016
    29    41   -0.3469446952E-017
    30    41    0.9540979118E-017
    31    41   -0.6071532166E-017
    32    41   -0.3469446952E-017
    33    41    0.2081668171E-016
    34    41   -0.2775557562E-016
    35    41    0.6938893904E-017
    36    41    0.1387778781E-016
    37    41   -0.1040834086E-016
    38    41    0.1387778781E-016
    39    41   -0.1387778781E-016
    40    41    0.2081668171E-016
    41    41    0.9999999985E+000
     1    42    0.1985233470E-022
     2    42    0.2032879073E-019
     3    42    0.2168404345E-018
     4    42    0.0000000000E+000
     5    42    0.6938893904E-017
     6    42    0.6938893904E-017
     7    42   -0.8470329473E-020
     8    42   -0.3388131789E-019
     9    42    0.1355252716E-019
    10    42    0.2385244779E-017
    11    42    0.2059984128E-017
    12    42   -0.8673617380E-018
    13    42   -0.6938893904E-017
    14    42   -0.2428612866E-016
    15    42   -0.1387778781E-016
    16    42    0.6938893904E-017
    17    42    0.6938893904E-017
    18    42    0.1561251128E-016
    19    42    0.1734723476E-017
    20    42   -0.1528725063E-016
    21    42   -0.1409462824E-017
    22    42    0.8673617380E-018
    23    42    0.2602085214E-017
    24    42   -0.1734723476E-016
    25    42   -0.6938893904E-017
    26    42    0.0000000000E+000
    27    42   -0.6938893904E-017
    28    42   -0.1387778781E-016
    29    42    0.0000000000E+000
    30    42    0.4683753385E-016
    31    42   -0.8673617380E-017
    32    42    0.0000000000E+000
    33    42   -0.8673617380E-017
    34    42    0.1387778781E-016
    35    42    0.0000000000E+000
    36    42    0.6938893904E-017
    37    42    0.0000000000E+000
    38    42   -0.6938893904E-017
    39    42   -0.6938893904E-017
    40    42   -0.8673617380E-017
    41    42    0.0000000000E+000
    42    42    0.9999999985E+000
     1    43    0.5293955920E-022
     2    43   -0.2710505431E-019
     3    43    0.4336808690E-018
     4    43    0.0000000000E+000
     5    43    0.1387778781E-016
     6    43    0.3469446952E-017
     7    43   -0.6776263578E-020
     8    43    0.0000000000E+000
     9    43   -0.6776263578E-020
    10    43    0.1084202172E-018
    11    43    0.0000000000E+000
    12    43    0.5421010862E-019
    13    43    0.1908195824E-016
    14    43    0.0000000000E+000
    15    43    0.3469446952E-017
    16    43    0.2168404345E-016
    17    43    0.2775557562E-016
    18    43   -0.1387778781E-016
    19    43   -0.1366094737E-016
    20    43   -0.1734723476E-017
    21    43    0.8673617380E-018
    22    43    0.1301042607E-017
    23    43    0.1626303259E-018
    24    43   -0.1665334537E-015
    25    43    0.2428612866E-016
    26    43    0.1387778781E-016
    27    43    0.1387778781E-016
    28    43    0.8673617380E-017
    29    43    0.7112366252E-016
    30    43    0.0000000000E+000
    31    43    0.0000000000E+000
    32    43   -0.6071532166E-017
    33    43   -0.4336808690E-017
    34    43    0.2775557562E-016
    35    43   -0.2775557562E-016
    36    43    0.0000000000E+000
    37    43    0.8673617380E-018
    38    43    0.1387778781E-016
    39    43   -0.3469446952E-017
    40    43    0.4857225733E-016
    41    43   -0.1040834086E-016
    42    43    0.1561251128E-016
    43    43    0.9999999985E+000
     1    44    0.4632211430E-022
     2    44   -0.1355252716E-019
     3    44    0.6505213035E-018
     4    44    0.7806255642E-017
     5    44    0.1040834086E-016
     6    44   -0.1734723476E-016
     7    44    0.6776263578E-020
     8    44   -0.4065758147E-019
     9    44    0.0000000000E+000
    10    44    0.2168404345E-018
    11    44    0.2168404345E-018
    12    44   -0.4336808690E-018
    13    44    0.3469446952E-017
    14    44   -0.2081668171E-016
    15    44   -0.1127570259E-016
    16    44    0.1734723476E-017
    17    44   -0.3469446952E-017
    18    44    0.0000000000E+000
    19    44    0.8673617380E-018
    20    44   -0.1734723476E-017
    21    44   -0.1734723476E-017
    22    44    0.1084202172E-018
    23    44   -0.8673617380E-018
    24    44    0.0000000000E+000
    25    44    0.2949029909E-016
    26    44    0.0000000000E+000
    27    44   -0.6938893904E-017
    28    44   -0.1387778781E-016
    29    44    0.1040834086E-016
    30    44    0.3295974604E-016
    31    44   -0.3469446952E-017
    32    44   -0.5204170428E-017
    33    44    0.3469446952E-017
    34    44    0.3469446952E-017
    35    44    0.2775557562E-016
    36    44    0.1387778781E-016
    37    44   -0.1387778781E-016
    38    44   -0.2081668171E-016
    39    44   -0.6938893904E-017
    40    44   -0.3469446952E-016
    41    44   -0.3469446952E-016
    42    44    0.1040834086E-016
    43    44   -0.3469446952E-016
    44    44    0.9999999985E+000
     1    45    0.9264422861E-021
     2    45   -0.3286487835E-018
     3    45    0.5854691731E-017
     4    45   -0.7285838599E-016
     5    45    0.8326672685E-016
     6    45   -0.2775557562E-016
     7    45   -0.4065758147E-019
     8    45   -0.2710505431E-019
     9    45    0.2032879073E-019
    10    45    0.1517883041E-017
    11    45    0.6505213035E-018
    12    45   -0.1301042607E-017
    13    45   -0.6938893904E-017
    14    45    0.1561251128E-016
    15    45    0.8673617380E-017
    16    45   -0.6938893904E-017
    17    45   -0.2428612866E-016
    18    45   -0.1734723476E-017
    19    45   -0.6505213035E-018
    20    45    0.4336808690E-018
    21    45    0.2341876693E-016
    22    45    0.8673617380E-018
    23    45    0.2168404345E-018
    24    45    0.3469446952E-017
    25    45    0.2775557562E-016
    26    45   -0.4371503159E-015
    27    45    0.0000000000E+000
    28    45    0.1040834086E-016
    29    45    0.8673617380E-017
    30    45   -0.5204170428E-017
    31    45    0.1908195824E-016
    32    45    0.1387778781E-016
    33    45   -0.9540979118E-017
    34    45    0.3469446952E-017
    35    45    0.6938893904E-017
    36    45   -0.1040834086E-016
    37    45    0.5551115123E-016
    38    45    0.0000000000E+000
    39    45   -0.3469446952E-017
    40    45    0.0000000000E+000
    41    45    0.5204170428E-017
    42    45   -0.6938893904E-017
    43    45   -0.2775557562E-016
    44    45   -0.1387778781E-016
    45    45    0.9999999985E+000
     1    46   -0.6617444900E-022
     2    46   -0.5082197684E-020
     3    46    0.4336808690E-018
     4    46   -0.3469446952E-017
     5    46   -0.1040834086E-016
     6    46    0.6071532166E-017
     7    46   -0.6776263578E-020
     8    46    0.3388131789E-019
     9    46    0.0000000000E+000
    10    46   -0.4336808690E-018
    11    46   -0.4336808690E-018
    12    46    0.8673617380E-018
    13    46   -0.8673617380E-017
    14    46    0.1387778781E-016
    15    46    0.1387778781E-016
    16    46    0.6938893904E-017
    17    46    0.4163336342E-016
    18    46    0.0000000000E+000
    19    46   -0.1301042607E-017
    20    46    0.1084202172E-018
    21    46    0.1734723476E-017
    22    46   -0.2168404345E-017
    23    46   -0.1301042607E-017
    24    46    0.1734723476E-017
    25    46   -0.3469446952E-017
    26    46    0.1387778781E-016
    27    46    0.4163336342E-016
    28    46   -0.3295974604E-016
    29    46   -0.3469446952E-017
    30    46   -0.2602085214E-017
    31    46   -0.4336808690E-017
    32    46    0.2081668171E-016
    33    46    0.1040834086E-016
    34    46    0.2081668171E-016
    35    46   -0.4163336342E-016
    36    46   -0.1387778781E-016
    37    46   -0.5551115123E-016
    38    46   -0.1387778781E-016
    39    46    0.6938893904E-017
    40    46   -0.1387778781E-016
    41    46   -0.2428612866E-016
    42    46    0.1387778781E-016
    43    46    0.8673617380E-017
    44    46    0.6938893904E-017
    45    46   -0.1908195824E-016
    46    46    0.9999999985E+000
     1    47    0.0000000000E+000
     2    47   -0.6776263578E-020
     3    47    0.4336808690E-018
     4    47    0.0000000000E+000
     5    47   -0.2081668171E-016
     6    47    0.5204170428E-017
     7    47    0.1355252716E-019
     8    47    0.0000000000E+000
     9    47    0.0000000000E+000
    10    47   -0.1192622390E-017
    11    47   -0.4336808690E-018
    12    47   -0.1084202172E-018
    13    47    0.0000000000E+000
    14    47   -0.3469446952E-017
    15    47    0.0000000000E+000
    16    47    0.0000000000E+000
    17    47   -0.3469446952E-017
    18    47   -0.6938893904E-017
    19    47    0.2168404345E-018
    20    47    0.3469446952E-017
    21    47    0.4336808690E-018
    22    47    0.2602085214E-017
    23    47    0.2298508606E-016
    24    47    0.8673617380E-017
    25    47   -0.1040834086E-016
    26    47    0.3469446952E-017
    27    47    0.3469446952E-017
    28    47   -0.1387778781E-015
    29    47   -0.2602085214E-017
    30    47    0.1040834086E-016
    31    47   -0.5204170428E-017
    32    47    0.1040834086E-016
    33    47    0.3469446952E-016
    34    47    0.2081668171E-016
    35    47   -0.1734723476E-017
    36    47    0.2775557562E-016
    37    47    0.3469446952E-017
    38    47    0.0000000000E+000
    39    47   -0.6938893904E-017
    40    47   -0.6938893904E-017
    41    47   -0.2081668171E-016
    42    47   -0.6938893904E-017
    43    47    0.0000000000E+000
    44    47   -0.1734723476E-017
    45    47   -0.6938893904E-017
    46    47   -0.5204170428E-017
    47    47    0.9999999985E+000
     1    48    0.5955700410E-022
     2    48    0.0000000000E+000
     3    48   -0.5421010862E-018
     4    48   -0.1387778781E-016
     5    48   -0.1387778781E-016
     6    48    0.8673617380E-018
     7    48    0.0000000000E+000
     8    48   -0.4065758147E-019
     9    48    0.1355252716E-019
    10    48    0.0000000000E+000
    11    48    0.1734723476E-017
    12    48   -0.1734723476E-017
    13    48    0.0000000000E+000
    14    48   -0.1387778781E-016
    15    48   -0.2081668171E-016
    16    48   -0.1387778781E-016
    17    48   -0.5204170428E-017
    18    48   -0.1127570259E-016
    19    48    0.8673617380E-018
    20    48   -0.1301042607E-017
    21    48   -0.7589415207E-018
    22    48    0.1431146868E-016
    23    48   -0.1734723476E-017
    24    48   -0.2428612866E-016
    25    48    0.1387778781E-016
    26    48   -0.9540979118E-017
    27    48    0.6938893904E-017
    28    48    0.3469446952E-017
    29    48   -0.3469446952E-017
    30    48   -0.8673617380E-017
    31    48   -0.7806255642E-017
    32    48   -0.3816391647E-016
    33    48    0.3469446952E-017
    34    48   -0.2602085214E-017
    35    48   -0.6938893904E-017
    36    48    0.1214306433E-016
    37    48    0.0000000000E+000
    38    48   -0.7806255642E-017
    39    48    0.0000000000E+000
    40    48    0.0000000000E+000
    41    48   -0.1387778781E-016
    42    48    0.1561251128E-016
    43    48   -0.2428612866E-016
    44    48    0.1040834086E-016
    45    48    0.1040834086E-016
    46    48   -0.2081668171E-016
    47    48   -0.8673617380E-017
    48    48    0.9999999985E+000
     1    49   -0.5293955920E-022
     2    49   -0.7453889936E-019
     3    49    0.4336808690E-018
     4    49   -0.3989863995E-016
     5    49    0.2081668171E-016
     6    49   -0.2081668171E-016
     7    49    0.6776263578E-020
     8    49    0.1694065895E-019
     9    49    0.0000000000E+000
    10    49    0.8673617380E-018
    11    49    0.9757819552E-018
    12    49   -0.3469446952E-017
    13    49    0.6938893904E-017
    14    49   -0.1387778781E-016
    15    49    0.0000000000E+000
    16    49   -0.2602085214E-016
    17    49    0.2602085214E-017
    18    49   -0.6938893904E-017
    19    49   -0.8673617380E-018
    20    49   -0.1301042607E-017
    21    49    0.6776263578E-017
    22    49   -0.4336808690E-018
    23    49   -0.6505213035E-018
    24    49   -0.5898059818E-016
    25    49   -0.1040834086E-016
    26    49    0.2775557562E-016
    27    49    0.2949029909E-016
    28    49    0.1040834086E-016
    29    49    0.8673617380E-017
    30    49    0.1301042607E-017
    31    49    0.1734723476E-016
    32    49   -0.6938893904E-017
    33    49   -0.6938893904E-017
    34    49   -0.1387778781E-016
    35    49   -0.6938893904E-017
    36    49    0.1908195824E-016
    37    49   -0.3469446952E-017
    38    49   -0.6938893904E-017
    39    49   -0.6938893904E-017
    40    49    0.0000000000E+000
    41    49    0.1734723476E-017
    42    49    0.3469446952E-016
    43    49    0.1214306433E-016
    44    49    0.0000000000E+000
    45    49    0.2775557562E-016
    46    49    0.1387778781E-016
    47    49   -0.5204170428E-017
    48    49   -0.1734723476E-016
    49    49    0.9999999985E+000
