
  fn.   type   at.   n   l   m
    1 atomic     1   1   0   0
    2 atomic     1   2   0   0
    3 atomic     1   3   0   0
    4 atomic     1   4   0   0
    5 ionic      1   5   0   0
    6 atomic     1   5   0   0
    7 atomic     1   2   1  -1
    8 atomic     1   2   1   0
    9 atomic     1   2   1   1
   10 atomic     1   3   1  -1
   11 atomic     1   3   1   0
   12 atomic     1   3   1   1
   13 atomic     1   4   1  -1
   14 atomic     1   4   1   0
   15 atomic     1   4   1   1
   16 atomic     1   5   1  -1
   17 atomic     1   5   1   0
   18 atomic     1   5   1   1
   19 hydro      1   3   1  -1
   20 hydro      1   3   1   0
   21 hydro      1   3   1   1
   22 atomic     1   3   2  -2
   23 atomic     1   3   2  -1
   24 atomic     1   3   2   0
   25 atomic     1   3   2   1
   26 atomic     1   3   2   2
   27 atomic     1   4   2  -2
   28 atomic     1   4   2  -1
   29 atomic     1   4   2   0
   30 atomic     1   4   2   1
   31 atomic     1   4   2   2
   32 hydro      1   3   2  -2
   33 hydro      1   3   2  -1
   34 hydro      1   3   2   0
   35 hydro      1   3   2   1
   36 hydro      1   3   2   2
   37 hydro      1   4   3  -3
   38 hydro      1   4   3  -2
   39 hydro      1   4   3  -1
   40 hydro      1   4   3   0
   41 hydro      1   4   3   1
   42 hydro      1   4   3   2
   43 hydro      1   4   3   3
   44 hydro      1   5   4  -4
   45 hydro      1   5   4  -3
   46 hydro      1   5   4  -2
   47 hydro      1   5   4  -1
   48 hydro      1   5   4   0
   49 hydro      1   5   4   1
   50 hydro      1   5   4   2
   51 hydro      1   5   4   3
   52 hydro      1   5   4   4
