     1     1   -0.1205196092E+004
     1     2    0.4679035754E-004
     2     2   -0.1794352932E+003
     1     3    0.1960430774E-004
     2     3    0.4064735908E-005
     3     3   -0.3551595140E+002
     1     4    0.8878578692E-005
     2     4    0.1969046893E-005
     3     4    0.5081982160E-006
     4     4   -0.6038615504E+001
     1     5    0.3457479500E-005
     2     5    0.5694727710E-006
     3     5    0.8018929563E-007
     4     5   -0.7617500050E-006
     5     5   -0.5470447956E+000
     1     6   -0.2496136099E-005
     2     6   -0.4038944530E-006
     3     6   -0.5391574270E-009
     4     6    0.3900343276E-006
     5     6   -0.6917899152E-001
     6     6    0.1926990457E+000
     1     7    0.1065814104E-013
     2     7    0.5107025913E-014
     3     7    0.6661338148E-015
     4     7    0.2220446049E-015
     5     7   -0.8326672685E-016
     6     7   -0.1387778781E-016
     7     7   -0.1609973138E+003
     1     8    0.0000000000E+000
     2     8   -0.3552713679E-014
     3     8   -0.1332267630E-014
     4     8    0.3330669074E-015
     5     8    0.4163336342E-016
     6     8   -0.1457167720E-015
     7     8   -0.8881784197E-014
     8     8   -0.1609973138E+003
     1     9   -0.3552713679E-014
     2     9   -0.4440892099E-015
     3     9    0.8881784197E-015
     4     9   -0.3330669074E-015
     5     9    0.1665334537E-015
     6     9   -0.2775557562E-016
     7     9    0.3552713679E-014
     8     9    0.7105427358E-014
     9     9   -0.1609973138E+003
     1    10    0.0000000000E+000
     2    10   -0.6661338148E-015
     3    10    0.0000000000E+000
     4    10   -0.7632783294E-016
     5    10   -0.1387778781E-015
     6    10   -0.6245004514E-016
     7    10   -0.1643219587E-006
     8    10   -0.1332267630E-014
     9    10    0.1221245327E-014
    10    10   -0.2957045773E+002
     1    11    0.0000000000E+000
     2    11    0.4440892099E-015
     3    11    0.0000000000E+000
     4    11   -0.5551115123E-016
     5    11   -0.6245004514E-016
     6    11   -0.3469446952E-016
     7    11   -0.9992007222E-015
     8    11   -0.1643219576E-006
     9    11    0.6661338148E-015
    10    11    0.4440892099E-015
    11    11   -0.2957045773E+002
     1    12   -0.2664535259E-014
     2    12    0.4440892099E-015
     3    12   -0.4440892099E-015
     4    12    0.2081668171E-015
     5    12    0.1179611964E-015
     6    12    0.3122502257E-016
     7    12    0.1110223025E-014
     8    12    0.4440892099E-015
     9    12   -0.1643219592E-006
    10    12   -0.4440892099E-015
    11    12   -0.4440892099E-015
    12    12   -0.2957045773E+002
     1    13   -0.8881784197E-015
     2    13    0.3885780586E-015
     3    13    0.3122502257E-015
     4    13    0.5551115123E-016
     5    13    0.0000000000E+000
     6    13    0.6938893904E-017
     7    13    0.1358236723E-007
     8    13    0.4163336342E-015
     9    13   -0.4718447855E-015
    10    13   -0.3672108448E-006
    11    13   -0.2775557562E-016
    12    13    0.1387778781E-016
    13    13   -0.4201069757E+001
     1    14   -0.2664535259E-014
     2    14    0.3330669074E-015
     3    14    0.5551115123E-016
     4    14   -0.1110223025E-015
     5    14   -0.6938893904E-017
     6    14    0.2428612866E-016
     7    14    0.3330669074E-015
     8    14    0.1358236673E-007
     9    14   -0.3330669074E-015
    10    14   -0.8326672685E-016
    11    14   -0.3672108446E-006
    12    14   -0.3469446952E-016
    13    14    0.1387778781E-016
    14    14   -0.4201069757E+001
     1    15    0.4440892099E-015
     2    15    0.3330669074E-015
     3    15    0.4163336342E-016
     4    15   -0.1110223025E-015
     5    15   -0.6938893904E-017
     6    15    0.1387778781E-016
     7    15   -0.3608224830E-015
     8    15   -0.1110223025E-015
     9    15    0.1358236679E-007
    10    15    0.2081668171E-015
    11    15   -0.6938893904E-017
    12    15   -0.3672108446E-006
    13    15   -0.1249000903E-015
    14    15   -0.1942890293E-015
    15    15   -0.4201069757E+001
     1    16   -0.1332267630E-014
     2    16    0.1387778781E-016
     3    16    0.2081668171E-016
     4    16    0.0000000000E+000
     5    16    0.1561251128E-016
     6    16   -0.1669671346E-016
     7    16   -0.2986181857E-008
     8    16   -0.4857225733E-016
     9    16   -0.7632783294E-016
    10    16   -0.4080543274E-007
    11    16   -0.2081668171E-016
    12    16    0.3469446952E-016
    13    16   -0.8412938202E-006
    14    16    0.3122502257E-016
    15    16    0.7285838599E-016
    16    16   -0.2172298612E+000
     1    17    0.0000000000E+000
     2    17   -0.5551115123E-016
     3    17    0.6938893904E-017
     4    17   -0.2081668171E-016
     5    17    0.3122502257E-016
     6    17   -0.2059984128E-016
     7    17   -0.4163336342E-016
     8    17   -0.2986181608E-008
     9    17    0.0000000000E+000
    10    17   -0.1387778781E-016
    11    17   -0.4080543270E-007
    12    17    0.1734723476E-016
    13    17    0.4510281038E-016
    14    17   -0.8412938202E-006
    15    17    0.5551115123E-016
    16    17   -0.7494005416E-015
    17    17   -0.2172298612E+000
     1    18    0.7771561172E-015
     2    18    0.1249000903E-015
     3    18    0.2081668171E-016
     4    18    0.1040834086E-016
     5    18   -0.5204170428E-017
     6    18    0.2602085214E-017
     7    18   -0.9020562075E-016
     8    18   -0.2775557562E-016
     9    18   -0.2986181885E-008
    10    18    0.4163336342E-016
    11    18   -0.1734723476E-017
    12    18   -0.4080543289E-007
    13    18    0.7632783294E-016
    14    18    0.4163336342E-016
    15    18   -0.8412938202E-006
    16    18   -0.1376503078E-014
    17    18   -0.8721322275E-015
    18    18   -0.2172298612E+000
     1    19   -0.6661338148E-015
     2    19    0.0000000000E+000
     3    19   -0.6938893904E-017
     4    19   -0.6938893904E-017
     5    19   -0.1084202172E-016
     6    19   -0.6938893904E-017
     7    19   -0.2070600746E-008
     8    19    0.9714451465E-016
     9    19   -0.6938893904E-016
    10    19    0.7321541772E-007
    11    19    0.1387778781E-016
    12    19   -0.4163336342E-016
    13    19    0.6474326253E-006
    14    19   -0.2775557562E-016
    15    19   -0.6938893904E-016
    16    19   -0.2763188350E-003
    17    19    0.1131907068E-015
    18    19    0.1327063459E-015
    19    19    0.1784892707E+000
     1    20    0.0000000000E+000
     2    20    0.2775557562E-016
     3    20    0.3469446952E-016
     4    20    0.3122502257E-016
     5    20   -0.2428612866E-016
     6    20   -0.6938893904E-017
     7    20    0.4857225733E-016
     8    20   -0.2070600857E-008
     9    20   -0.1387778781E-015
    10    20    0.2081668171E-016
    11    20    0.7321541767E-007
    12    20   -0.1387778781E-016
    13    20   -0.2775557562E-016
    14    20    0.6474326253E-006
    15    20   -0.3469446952E-016
    16    20    0.1108054620E-015
    17    20   -0.2763188350E-003
    18    20    0.1012644829E-015
    19    20   -0.3538835891E-015
    20    20    0.1784892707E+000
     1    21    0.5551115123E-015
     2    21    0.2775557562E-016
     3    21   -0.3816391647E-016
     4    21   -0.6938893904E-017
     5    21   -0.4336808690E-017
     6    21   -0.6505213035E-017
     7    21   -0.6245004514E-016
     8    21   -0.1387778781E-015
     9    21   -0.2070600746E-008
    10    21   -0.6245004514E-016
    11    21   -0.1214306433E-016
    12    21    0.7321541780E-007
    13    21   -0.6765421556E-016
    14    21   -0.3642919300E-016
    15    21    0.6474326253E-006
    16    21    0.1301042607E-015
    17    21    0.1036497277E-015
    18    21   -0.2763188350E-003
    19    21   -0.7394258816E-015
    20    21   -0.4445228907E-015
    21    21    0.1784892707E+000
     1    22    0.1332267630E-014
     2    22    0.0000000000E+000
     3    22    0.3330669074E-015
     4    22    0.2775557562E-016
     5    22    0.4510281038E-016
     6    22    0.5204170428E-017
     7    22   -0.2220446049E-015
     8    22    0.0000000000E+000
     9    22   -0.1110223025E-015
    10    22   -0.2220446049E-015
    11    22   -0.8881784197E-015
    12    22    0.0000000000E+000
    13    22   -0.1387778781E-015
    14    22   -0.1387778781E-016
    15    22    0.5898059818E-016
    16    22   -0.3122502257E-016
    17    22    0.2081668171E-016
    18    22    0.2775557562E-016
    19    22    0.0000000000E+000
    20    22   -0.1734723476E-016
    21    22    0.3816391647E-016
    22    22   -0.2060143405E+002
     1    23   -0.6661338148E-015
     2    23   -0.1110223025E-015
     3    23    0.2220446049E-015
     4    23    0.2220446049E-015
     5    23    0.1387778781E-016
     6    23   -0.2081668171E-016
     7    23   -0.2220446049E-014
     8    23    0.4440892099E-015
     9    23    0.0000000000E+000
    10    23    0.3330669074E-015
    11    23   -0.4440892099E-015
    12    23    0.9992007222E-015
    13    23   -0.2775557562E-016
    14    23   -0.1387778781E-016
    15    23   -0.1387778781E-016
    16    23   -0.3469446952E-017
    17    23   -0.3469446952E-017
    18    23   -0.1734723476E-016
    19    23   -0.2775557562E-016
    20    23    0.2081668171E-016
    21    23    0.1387778781E-016
    22    23    0.2220446049E-015
    23    23   -0.2060143405E+002
     1    24   -0.4440892099E-015
     2    24    0.4107825191E-014
     3    24   -0.3663735981E-014
     4    24    0.1942890293E-015
     5    24    0.1075528555E-015
     6    24   -0.3816391647E-016
     7    24    0.4440892099E-015
     8    24   -0.1776356839E-014
     9    24   -0.8881784197E-015
    10    24   -0.2220446049E-015
    11    24   -0.4440892099E-015
    12    24    0.2498001805E-015
    13    24   -0.8326672685E-016
    14    24    0.2775557562E-016
    15    24    0.5551115123E-016
    16    24   -0.3469446952E-017
    17    24    0.6938893904E-017
    18    24    0.1387778781E-016
    19    24    0.3469446952E-017
    20    24    0.0000000000E+000
    21    24   -0.6938893904E-017
    22    24    0.1110223025E-015
    23    24   -0.3330669074E-015
    24    24   -0.2060143405E+002
     1    25   -0.8881784197E-015
     2    25   -0.1332267630E-014
     3    25   -0.1110223025E-014
     4    25    0.9714451465E-016
     5    25   -0.2775557562E-016
     6    25   -0.2081668171E-016
     7    25   -0.8881784197E-015
     8    25    0.1776356839E-014
     9    25    0.8881784197E-015
    10    25    0.8881784197E-015
    11    25   -0.2220446049E-015
    12    25    0.1332267630E-014
    13    25    0.4163336342E-016
    14    25    0.8326672685E-016
    15    25   -0.5551115123E-016
    16    25   -0.3122502257E-016
    17    25   -0.2775557562E-016
    18    25    0.2081668171E-016
    19    25    0.2775557562E-016
    20    25   -0.4163336342E-016
    21    25   -0.1734723476E-016
    22    25   -0.9992007222E-015
    23    25    0.0000000000E+000
    24    25    0.8881784197E-015
    25    25   -0.2060143405E+002
     1    26    0.9992007222E-015
     2    26    0.2220446049E-014
     3    26   -0.2220446049E-015
     4    26   -0.1110223025E-015
     5    26    0.1387778781E-016
     6    26    0.2081668171E-016
     7    26   -0.6661338148E-015
     8    26   -0.1110223025E-015
     9    26   -0.2220446049E-014
    10    26   -0.6661338148E-015
    11    26    0.0000000000E+000
    12    26    0.3330669074E-015
    13    26    0.4163336342E-016
    14    26   -0.1387778781E-016
    15    26   -0.8326672685E-016
    16    26    0.3816391647E-016
    17    26    0.0000000000E+000
    18    26    0.3469446952E-017
    19    26   -0.1387778781E-016
    20    26    0.0000000000E+000
    21    26    0.3122502257E-016
    22    26    0.1110223025E-015
    23    26   -0.6106226635E-015
    24    26    0.3330669074E-015
    25    26    0.7216449660E-015
    26    26   -0.2060143405E+002
     1    27   -0.4440892099E-015
     2    27   -0.2220446049E-015
     3    27   -0.1387778781E-016
     4    27    0.2289834988E-015
     5    27   -0.4440892099E-015
     6    27    0.3903127821E-016
     7    27    0.1110223025E-015
     8    27    0.4440892099E-015
     9    27   -0.5551115123E-016
    10    27   -0.1665334537E-015
    11    27    0.3469446952E-016
    12    27    0.1179611964E-015
    13    27    0.0000000000E+000
    14    27    0.4163336342E-016
    15    27    0.2775557562E-016
    16    27   -0.2732189475E-016
    17    27   -0.3642919300E-016
    18    27   -0.4683753385E-016
    19    27    0.1908195824E-016
    20    27    0.2363560736E-016
    21    27    0.2428612866E-016
    22    27   -0.4614757138E-006
    23    27   -0.2775557562E-016
    24    27   -0.2775557562E-016
    25    27    0.6245004514E-016
    26    27    0.5551115123E-016
    27    27   -0.1529174890E+001
     1    28    0.7216449660E-015
     2    28   -0.3885780586E-015
     3    28    0.2775557562E-016
     4    28   -0.6938893904E-016
     5    28    0.2220446049E-015
     6    28    0.6938893904E-017
     7    28    0.6661338148E-015
     8    28   -0.1332267630E-014
     9    28   -0.4440892099E-015
    10    28   -0.1387778781E-016
    11    28    0.8326672685E-016
    12    28    0.2081668171E-016
    13    28   -0.5551115123E-016
    14    28    0.8326672685E-016
    15    28   -0.4163336342E-016
    16    28    0.2255140519E-016
    17    28   -0.3469446952E-016
    18    28    0.3989863995E-016
    19    28   -0.8673617380E-018
    20    28    0.2081668171E-016
    21    28   -0.2298508606E-016
    22    28   -0.5551115123E-016
    23    28   -0.4614757140E-006
    24    28    0.0000000000E+000
    25    28    0.7632783294E-016
    26    28    0.1387778781E-016
    27    28    0.1491862189E-015
    28    28   -0.1529174890E+001
     1    29   -0.6661338148E-015
     2    29    0.1443289932E-014
     3    29    0.1665334537E-015
     4    29   -0.2498001805E-015
     5    29   -0.8153200337E-016
     6    29    0.1387778781E-016
     7    29    0.0000000000E+000
     8    29    0.1110223025E-014
     9    29   -0.3330669074E-015
    10    29    0.1249000903E-015
    11    29   -0.8326672685E-016
    12    29   -0.1110223025E-015
    13    29    0.2775557562E-016
    14    29    0.1110223025E-015
    15    29   -0.1249000903E-015
    16    29   -0.3035766083E-016
    17    29   -0.7979727989E-016
    18    29    0.1734723476E-016
    19    29    0.2428612866E-016
    20    29    0.5204170428E-016
    21    29   -0.1301042607E-016
    22    29    0.8326672685E-016
    23    29   -0.2775557562E-016
    24    29   -0.4614757138E-006
    25    29   -0.2775557562E-016
    26    29    0.2775557562E-016
    27    29   -0.2359223927E-015
    28    29   -0.3469446952E-016
    29    29   -0.1529174890E+001
     1    30    0.2220446049E-015
     2    30    0.5551115123E-015
     3    30    0.1387778781E-015
     4    30   -0.1665334537E-015
     5    30    0.2775557562E-015
     6    30   -0.2081668171E-016
     7    30   -0.4440892099E-015
     8    30    0.9992007222E-015
     9    30   -0.6661338148E-015
    10    30    0.0000000000E+000
    11    30    0.2775557562E-016
    12    30    0.0000000000E+000
    13    30   -0.5551115123E-016
    14    30   -0.1387778781E-016
    15    30   -0.6938893904E-016
    16    30    0.3989863995E-016
    17    30    0.2775557562E-016
    18    30    0.5421010862E-016
    19    30   -0.2385244779E-016
    20    30   -0.1821459650E-016
    21    30   -0.3035766083E-016
    22    30    0.2775557562E-016
    23    30    0.1387778781E-015
    24    30   -0.2775557562E-016
    25    30   -0.4614757139E-006
    26    30    0.0000000000E+000
    27    30    0.1249000903E-015
    28    30   -0.1387778781E-015
    29    30   -0.4163336342E-016
    30    30   -0.1529174890E+001
     1    31    0.0000000000E+000
     2    31   -0.4440892099E-015
     3    31   -0.4163336342E-016
     4    31   -0.5551115123E-016
     5    31   -0.6245004514E-016
     6    31   -0.5204170428E-017
     7    31   -0.1110223025E-015
     8    31   -0.3330669074E-015
     9    31   -0.5551115123E-015
    10    31   -0.9714451465E-016
    11    31   -0.2775557562E-016
    12    31   -0.1804112415E-015
    13    31   -0.2775557562E-016
    14    31    0.0000000000E+000
    15    31    0.0000000000E+000
    16    31    0.2775557562E-016
    17    31    0.1127570259E-016
    18    31   -0.2775557562E-016
    19    31   -0.1908195824E-016
    20    31   -0.6938893904E-017
    21    31    0.2081668171E-016
    22    31    0.5551115123E-016
    23    31    0.2081668171E-016
    24    31    0.4163336342E-016
    25    31    0.5551115123E-016
    26    31   -0.4614757140E-006
    27    31   -0.1387778781E-016
    28    31    0.1110223025E-015
    29    31   -0.4163336342E-016
    30    31   -0.5898059818E-016
    31    31   -0.1529174890E+001
     1    32    0.2220446049E-015
     2    32    0.1665334537E-015
     3    32    0.0000000000E+000
     4    32   -0.8673617380E-017
     5    32    0.1447626741E-014
     6    32    0.1007006978E-014
     7    32    0.0000000000E+000
     8    32   -0.1110223025E-015
     9    32    0.8326672685E-016
    10    32   -0.6938893904E-017
    11    32   -0.2775557562E-016
    12    32    0.2081668171E-016
    13    32    0.0000000000E+000
    14    32   -0.4336808690E-017
    15    32   -0.2602085214E-016
    16    32    0.5269222558E-016
    17    32    0.1490777987E-015
    18    32    0.1565587937E-015
    19    32   -0.1431146868E-016
    20    32   -0.9757819552E-017
    21    32    0.3903127821E-017
    22    32   -0.8339437958E-007
    23    32   -0.2775557562E-016
    24    32    0.1387778781E-016
    25    32    0.6938893904E-017
    26    32    0.0000000000E+000
    27    32   -0.1477672829E-005
    28    32   -0.9736135509E-016
    29    32    0.1853985715E-015
    30    32   -0.9020562075E-016
    31    32    0.6071532166E-017
    32    32    0.1918200178E+000
     1    33    0.2498001805E-015
     2    33    0.1804112415E-015
     3    33    0.1387778781E-016
     4    33   -0.3469446952E-017
     5    33   -0.8014422459E-015
     6    33   -0.4891920202E-015
     7    33   -0.1110223025E-015
     8    33   -0.1110223025E-015
     9    33    0.1110223025E-015
    10    33    0.1387778781E-016
    11    33    0.1734723476E-016
    12    33    0.2775557562E-016
    13    33    0.0000000000E+000
    14    33   -0.6938893904E-017
    15    33    0.3469446952E-017
    16    33   -0.7632783294E-016
    17    33    0.1179611964E-015
    18    33   -0.1492946392E-015
    19    33   -0.9540979118E-017
    20    33   -0.1908195824E-016
    21    33    0.1062518129E-016
    22    33   -0.1387778781E-016
    23    33   -0.8339437966E-007
    24    33   -0.3122502257E-016
    25    33    0.2775557562E-016
    26    33    0.1387778781E-016
    27    33   -0.9606031248E-016
    28    33   -0.1477672829E-005
    29    33    0.4380176777E-016
    30    33    0.1543903894E-015
    31    33   -0.9107298249E-016
    32    33    0.6054184931E-015
    33    33    0.1918200178E+000
     1    34   -0.2775557562E-015
     2    34   -0.1110223025E-015
     3    34    0.1665334537E-015
     4    34   -0.5898059818E-016
     5    34    0.3681950578E-015
     6    34    0.2636779683E-015
     7    34   -0.1110223025E-015
     8    34    0.1110223025E-015
     9    34    0.5551115123E-016
    10    34   -0.2775557562E-016
    11    34   -0.6938893904E-017
    12    34   -0.2775557562E-016
    13    34   -0.2081668171E-016
    14    34   -0.3122502257E-016
    15    34    0.6938893904E-017
    16    34    0.1019150042E-015
    17    34    0.2606422023E-015
    18    34   -0.7047314121E-016
    19    34   -0.1301042607E-017
    20    34   -0.3729655473E-016
    21    34    0.4336808690E-017
    22    34   -0.6938893904E-017
    23    34   -0.2428612866E-016
    24    34   -0.8339437962E-007
    25    34   -0.8673617380E-017
    26    34    0.3469446952E-017
    27    34    0.1817122841E-015
    28    34    0.4380176777E-016
    29    34   -0.1477672829E-005
    30    34    0.6158268340E-016
    31    34    0.2688821388E-016
    32    34   -0.1117161919E-014
    33    34   -0.2662800536E-015
    34    34    0.1918200178E+000
     1    35   -0.1110223025E-015
     2    35   -0.1110223025E-015
     3    35    0.2081668171E-016
     4    35   -0.1647987302E-016
     5    35   -0.9293781023E-015
     6    35   -0.6041174505E-015
     7    35   -0.1110223025E-015
     8    35    0.1665334537E-015
     9    35   -0.5551115123E-016
    10    35    0.2775557562E-016
    11    35   -0.3469446952E-016
    12    35    0.3469446952E-016
    13    35    0.8673617380E-017
    14    35    0.1821459650E-016
    15    35    0.6938893904E-017
    16    35   -0.1504872615E-015
    17    35   -0.8803721641E-016
    18    35   -0.1890848589E-015
    19    35    0.1084202172E-016
    20    35    0.6505213035E-017
    21    35   -0.5204170428E-017
    22    35   -0.1387778781E-016
    23    35    0.1040834086E-016
    24    35    0.6938893904E-017
    25    35   -0.8339437970E-007
    26    35    0.2775557562E-016
    27    35   -0.8933825901E-016
    28    35    0.1535230276E-015
    29    35    0.6245004514E-016
    30    35   -0.1477672829E-005
    31    35    0.1019150042E-015
    32    35    0.5204170428E-015
    33    35   -0.9575673587E-015
    34    35   -0.3738329091E-015
    35    35    0.1918200178E+000
     1    36   -0.1526556659E-015
     2    36   -0.5551115123E-016
     3    36    0.2428612866E-016
     4    36    0.1387778781E-016
     5    36    0.2029626467E-015
     6    36    0.1266348137E-015
     7    36   -0.8326672685E-016
     8    36    0.0000000000E+000
     9    36    0.5551115123E-016
    10    36    0.6938893904E-017
    11    36    0.1734723476E-016
    12    36   -0.2081668171E-016
    13    36    0.6938893904E-017
    14    36    0.5204170428E-017
    15    36   -0.1040834086E-016
    16    36   -0.9584347205E-016
    17    36   -0.5551115123E-016
    18    36    0.8727827489E-016
    19    36    0.6071532166E-017
    20    36    0.4119968255E-017
    21    36   -0.1778091563E-016
    22    36   -0.1387778781E-016
    23    36    0.2081668171E-016
    24    36   -0.1387778781E-016
    25    36    0.2775557562E-016
    26    36   -0.8339437976E-007
    27    36    0.6071532166E-017
    28    36   -0.9280770596E-016
    29    36    0.2949029909E-016
    30    36    0.1027823660E-015
    31    36   -0.1477672829E-005
    32    36   -0.1908195824E-016
    33    36    0.5251875324E-015
    34    36   -0.1630640067E-015
    35    36   -0.5941427905E-015
    36    36    0.1918200178E+000
     1    37    0.3049318610E-019
     2    37   -0.1084202172E-017
     3    37    0.5204170428E-017
     4    37   -0.1561251128E-016
     5    37    0.1439820485E-015
     6    37    0.8847089727E-016
     7    37    0.1084202172E-017
     8    37    0.1084202172E-018
     9    37    0.9757819552E-018
    10    37    0.6938893904E-017
    11    37    0.0000000000E+000
    12    37    0.3469446952E-017
    13    37    0.1387778781E-016
    14    37    0.1387778781E-016
    15    37   -0.1214306433E-015
    16    37   -0.1925543058E-015
    17    37   -0.3469446952E-017
    18    37    0.1384309334E-014
    19    37    0.1040834086E-016
    20    37    0.1734723476E-017
    21    37    0.1561251128E-016
    22    37    0.0000000000E+000
    23    37   -0.8673617380E-018
    24    37   -0.1084202172E-017
    25    37    0.1734723476E-017
    26    37   -0.1734723476E-017
    27    37    0.6071532166E-017
    28    37   -0.1040834086E-016
    29    37    0.2862293735E-016
    30    37   -0.3165870344E-016
    31    37   -0.1734723476E-016
    32    37   -0.2255140519E-016
    33    37    0.4943961907E-016
    34    37   -0.1092875790E-015
    35    37    0.1409462824E-015
    36    37    0.9540979118E-016
    37    37    0.4823130722E+000
     1    38   -0.1626303259E-018
     2    38   -0.8673617380E-018
     3    38   -0.1040834086E-016
     4    38    0.3469446952E-016
     5    38   -0.2114194236E-015
     6    38   -0.1214306433E-015
     7    38   -0.8673617380E-018
     8    38   -0.1301042607E-017
     9    38    0.1301042607E-017
    10    38    0.8673617380E-018
    11    38   -0.1734723476E-017
    12    38   -0.1734723476E-017
    13    38    0.4163336342E-016
    14    38    0.9194034423E-016
    15    38    0.6245004514E-016
    16    38   -0.7164407956E-015
    17    38   -0.1127136579E-014
    18    38   -0.6210310044E-015
    19    38    0.5204170428E-017
    20    38   -0.1084202172E-016
    21    38    0.3816391647E-016
    22    38    0.0000000000E+000
    23    38   -0.1734723476E-017
    24    38    0.4336808690E-017
    25    38    0.0000000000E+000
    26    38   -0.8673617380E-018
    27    38   -0.3469446952E-016
    28    38    0.3035766083E-016
    29    38   -0.4770489559E-017
    30    38    0.1734723476E-017
    31    38    0.2602085214E-017
    32    38    0.1977584763E-015
    33    38   -0.1153591112E-015
    34    38    0.6938893904E-017
    35    38   -0.4163336342E-016
    36    38   -0.2125036258E-016
    37    38    0.5672545766E-015
    38    38    0.4823130722E+000
     1    39    0.2710505431E-019
     2    39   -0.8673617380E-018
     3    39    0.3469446952E-017
     4    39    0.6938893904E-017
     5    39   -0.1231653668E-015
     6    39   -0.6071532166E-016
     7    39   -0.4228388473E-017
     8    39   -0.4336808690E-018
     9    39    0.8131516294E-019
    10    39    0.4683753385E-016
    11    39    0.4336808690E-017
    12    39    0.1734723476E-017
    13    39   -0.5204170428E-016
    14    39   -0.5464378949E-016
    15    39    0.2775557562E-016
    16    39   -0.4354155925E-015
    17    39    0.7407269242E-015
    18    39   -0.3642919300E-015
    19    39    0.6938893904E-017
    20    39   -0.4163336342E-016
    21    39   -0.2168404345E-017
    22    39   -0.1301042607E-017
    23    39    0.4336808690E-017
    24    39    0.6938893904E-017
    25    39   -0.1734723476E-017
    26    39   -0.3469446952E-017
    27    39    0.3469446952E-017
    28    39    0.3642919300E-016
    29    39    0.2949029909E-016
    30    39   -0.2341876693E-016
    31    39   -0.3903127821E-017
    32    39   -0.3426078865E-016
    33    39   -0.1240327285E-015
    34    39   -0.8413408858E-016
    35    39    0.7632783294E-016
    36    39    0.1561251128E-016
    37    39   -0.1144917494E-015
    38    39    0.4770489559E-015
    39    39    0.4823130722E+000
     1    40   -0.5421010862E-019
     2    40   -0.2168404345E-018
     3    40   -0.1734723476E-017
     4    40    0.1387778781E-016
     5    40   -0.2671474153E-015
     6    40   -0.1422473250E-015
     7    40    0.0000000000E+000
     8    40   -0.6288372600E-017
     9    40    0.1084202172E-018
    10    40    0.8673617380E-018
    11    40    0.5204170428E-016
    12    40   -0.3469446952E-017
    13    40    0.4510281038E-016
    14    40   -0.6591949209E-016
    15    40    0.3946495908E-016
    16    40   -0.5048045315E-015
    17    40   -0.4007211230E-015
    18    40   -0.5408000436E-015
    19    40    0.1908195824E-016
    20    40   -0.1040834086E-016
    21    40    0.4770489559E-017
    22    40    0.8673617380E-018
    23    40    0.3469446952E-017
    24    40   -0.3469446952E-017
    25    40    0.8673617380E-018
    26    40    0.4119968255E-017
    27    40   -0.4293440603E-016
    28    40    0.6938893904E-017
    29    40    0.5377642776E-016
    30    40   -0.1734723476E-017
    31    40    0.5204170428E-017
    32    40    0.1665334537E-015
    33    40   -0.5030698080E-016
    34    40   -0.1561251128E-015
    35    40    0.1040834086E-016
    36    40   -0.5204170428E-016
    37    40    0.3469446952E-017
    38    40   -0.1190887666E-014
    39    40   -0.1804112415E-015
    40    40    0.4823130722E+000
     1    41   -0.1355252716E-019
     2    41   -0.4336808690E-018
     3    41   -0.4336808690E-017
     4    41   -0.1040834086E-016
     5    41    0.1023486851E-015
     6    41    0.5551115123E-016
     7    41   -0.2710505431E-019
     8    41    0.1084202172E-018
     9    41   -0.4553649124E-017
    10    41    0.1734723476E-017
    11    41    0.3903127821E-017
    12    41    0.3816391647E-016
    13    41    0.3469446952E-016
    14    41   -0.7285838599E-016
    15    41   -0.3816391647E-016
    16    41   -0.3642919300E-015
    17    41    0.9454242944E-015
    18    41   -0.3181049174E-015
    19    41   -0.4336808690E-018
    20    41   -0.1734723476E-017
    21    41    0.8673617380E-018
    22    41    0.2168404345E-017
    23    41   -0.1734723476E-017
    24    41    0.0000000000E+000
    25    41    0.0000000000E+000
    26    41    0.0000000000E+000
    27    41   -0.2385244779E-016
    28    41   -0.2255140519E-016
    29    41   -0.1387778781E-016
    30    41    0.1647987302E-016
    31    41   -0.1821459650E-016
    32    41    0.1058181320E-015
    33    41    0.7979727989E-016
    34    41    0.3773023560E-016
    35    41   -0.3816391647E-016
    36    41    0.7285838599E-016
    37    41    0.5846018114E-015
    38    41    0.3677613769E-015
    39    41   -0.9020562075E-015
    40    41   -0.2359223927E-015
    41    41    0.4823130722E+000
     1    42    0.1355252716E-019
     2    42    0.1084202172E-017
     3    42    0.3469446952E-017
     4    42    0.0000000000E+000
     5    42    0.7242470512E-016
     6    42    0.4770489559E-016
     7    42    0.2168404345E-018
     8    42   -0.8673617380E-018
     9    42    0.2168404345E-018
    10    42    0.5204170428E-017
    11    42    0.1734723476E-017
    12    42   -0.3469446952E-017
    13    42    0.4857225733E-016
    14    42    0.1387778781E-016
    15    42   -0.5030698080E-016
    16    42   -0.6281867387E-015
    17    42   -0.1314053033E-015
    18    42    0.7090682208E-015
    19    42    0.3295974604E-016
    20    42    0.1040834086E-016
    21    42   -0.6938893904E-017
    22    42    0.8673617380E-018
    23    42    0.8673617380E-018
    24    42   -0.1734723476E-017
    25    42   -0.2602085214E-017
    26    42    0.0000000000E+000
    27    42    0.5204170428E-017
    28    42   -0.3122502257E-016
    29    42    0.3469446952E-017
    30    42    0.9974659987E-017
    31    42   -0.3989863995E-016
    32    42   -0.2081668171E-016
    33    42    0.1335737077E-015
    34    42    0.1496198998E-016
    35    42   -0.1647987302E-016
    36    42    0.1908195824E-015
    37    42   -0.5100087019E-015
    38    42   -0.1561251128E-016
    39    42    0.3694961004E-015
    40    42   -0.1517883041E-015
    41    42   -0.4787836794E-015
    42    42    0.4823130722E+000
     1    43    0.1355252716E-019
     2    43    0.9757819552E-018
     3    43    0.4336808690E-018
     4    43    0.2081668171E-016
     5    43   -0.8500145032E-016
     6    43   -0.1994931997E-016
     7    43   -0.4336808690E-018
     8    43   -0.4336808690E-018
     9    43   -0.2385244779E-017
    10    43   -0.6938893904E-017
    11    43    0.0000000000E+000
    12    43   -0.5204170428E-017
    13    43    0.1249000903E-015
    14    43    0.1734723476E-017
    15    43    0.6938893904E-017
    16    43   -0.1422473250E-014
    17    43   -0.1084202172E-017
    18    43   -0.1908195824E-015
    19    43   -0.1908195824E-016
    20    43   -0.1301042607E-017
    21    43    0.3469446952E-017
    22    43   -0.4770489559E-017
    23    43   -0.8673617380E-018
    24    43   -0.8673617380E-018
    25    43   -0.8673617380E-018
    26    43    0.8673617380E-018
    27    43   -0.6938893904E-017
    28    43    0.3209238431E-016
    29    43   -0.2081668171E-016
    30    43   -0.1127570259E-016
    31    43    0.2211772432E-016
    32    43   -0.1214306433E-016
    33    43   -0.1062518129E-015
    34    43    0.4857225733E-016
    35    43    0.3122502257E-016
    36    43   -0.8673617380E-016
    37    43    0.6938893904E-017
    38    43   -0.5134781489E-015
    39    43   -0.6036837696E-015
    40    43   -0.1040834086E-016
    41    43   -0.5898059818E-016
    42    43   -0.5898059818E-015
    43    43    0.4823130722E+000
     1    44   -0.3388131789E-020
     2    44   -0.1626303259E-018
     3    44   -0.3469446952E-017
     4    44   -0.1040834086E-016
     5    44   -0.6938893904E-017
     6    44   -0.1040834086E-016
     7    44    0.2168404345E-018
     8    44    0.0000000000E+000
     9    44   -0.2710505431E-019
    10    44   -0.4336808690E-018
    11    44    0.1734723476E-017
    12    44    0.2168404345E-018
    13    44   -0.8673617380E-018
    14    44    0.0000000000E+000
    15    44   -0.1040834086E-016
    16    44   -0.6938893904E-017
    17    44    0.2558717127E-016
    18    44    0.1682681772E-015
    19    44    0.2341876693E-016
    20    44    0.3903127821E-017
    21    44    0.5204170428E-017
    22    44   -0.8673617380E-018
    23    44    0.8673617380E-018
    24    44    0.0000000000E+000
    25    44    0.1301042607E-017
    26    44   -0.1734723476E-017
    27    44   -0.4597017211E-016
    28    44    0.3469446952E-017
    29    44    0.2168404345E-017
    30    44   -0.4770489559E-017
    31    44   -0.2936019483E-015
    32    44    0.1994931997E-015
    33    44   -0.9540979118E-017
    34    44    0.1040834086E-016
    35    44   -0.1040834086E-016
    36    44    0.1484923295E-014
    37    44    0.2081668171E-016
    38    44    0.4163336342E-016
    39    44    0.2081668171E-016
    40    44    0.1301042607E-016
    41    44    0.9887923813E-016
    42    44   -0.1353084311E-015
    43    44   -0.4336808690E-016
    44    44    0.1067393000E+001
     1    45   -0.4658681210E-020
     2    45    0.1897353802E-018
     3    45    0.8673617380E-018
     4    45    0.0000000000E+000
     5    45    0.1387778781E-016
     6    45    0.5204170428E-017
     7    45   -0.1355252716E-018
     8    45   -0.5421010862E-019
     9    45    0.0000000000E+000
    10    45   -0.1734723476E-017
    11    45   -0.2168404345E-018
    12    45   -0.4336808690E-018
    13    45    0.1214306433E-016
    14    45    0.9540979118E-017
    15    45    0.1040834086E-016
    16    45   -0.6245004514E-016
    17    45   -0.9020562075E-016
    18    45   -0.2072994554E-015
    19    45    0.6938893904E-017
    20    45   -0.8673617380E-017
    21    45    0.8673617380E-017
    22    45   -0.4336808690E-018
    23    45   -0.1301042607E-016
    24    45   -0.4336808690E-018
    25    45    0.8673617380E-018
    26    45    0.0000000000E+000
    27    45   -0.1309716224E-015
    28    45   -0.3122502257E-016
    29    45   -0.2602085214E-017
    30    45    0.2116362641E-015
    31    45    0.1166601538E-015
    32    45    0.6574601974E-015
    33    45    0.1040834086E-015
    34    45    0.3469446952E-017
    35    45   -0.1021752127E-014
    36    45   -0.5759281940E-015
    37    45    0.2081668171E-015
    38    45   -0.7632783294E-016
    39    45    0.2602085214E-016
    40    45   -0.1144917494E-015
    41    45    0.6591949209E-016
    42    45    0.6938893904E-017
    43    45    0.8673617380E-018
    44    45    0.5655198532E-015
    45    45    0.1067393000E+001
     1    46    0.1694065895E-020
     2    46   -0.1084202172E-018
     3    46   -0.8673617380E-018
     4    46   -0.1734723476E-017
     5    46   -0.4336808690E-017
     6    46   -0.1040834086E-016
     7    46    0.5421010862E-019
     8    46    0.1084202172E-018
     9    46    0.5421010862E-019
    10    46    0.2168404345E-017
    11    46    0.2168404345E-017
    12    46   -0.2168404345E-017
    13    46   -0.3469446952E-017
    14    46   -0.8673617380E-017
    15    46    0.9107298249E-017
    16    46    0.5941427905E-016
    17    46    0.1769417945E-015
    18    46   -0.8673617380E-016
    19    46    0.5204170428E-017
    20    46   -0.1214306433E-016
    21    46    0.1561251128E-016
    22    46   -0.1344410694E-016
    23    46    0.2710505431E-017
    24    46   -0.8673617380E-018
    25    46    0.6505213035E-018
    26    46    0.0000000000E+000
    27    46   -0.5898059818E-016
    28    46   -0.1457167720E-015
    29    46   -0.1808449224E-015
    30    46   -0.1175275155E-015
    31    46   -0.3469446952E-017
    32    46    0.3573530361E-015
    33    46    0.7268491364E-015
    34    46    0.9749145935E-015
    35    46    0.5689893001E-015
    36    46    0.3469446952E-017
    37    46   -0.4163336342E-016
    38    46    0.1994931997E-016
    39    46   -0.8847089727E-016
    40    46    0.4510281038E-016
    41    46   -0.2428612866E-016
    42    46   -0.3469446952E-017
    43    46   -0.3469446952E-016
    44    46   -0.6938893904E-016
    45    46    0.5559788741E-015
    46    46    0.1067393000E+001
     1    47   -0.3388131789E-020
     2    47   -0.8131516294E-019
     3    47    0.4336808690E-018
     4    47   -0.3469446952E-017
     5    47    0.5204170428E-016
     6    47    0.1214306433E-016
     7    47    0.0000000000E+000
     8    47   -0.2168404345E-018
     9    47    0.1355252716E-018
    10    47    0.4336808690E-018
    11    47   -0.1734723476E-017
    12    47   -0.2168404345E-018
    13    47   -0.1647987302E-016
    14    47   -0.1691355389E-016
    15    47   -0.6071532166E-017
    16    47    0.2081668171E-015
    17    47    0.1370431546E-015
    18    47    0.7806255642E-016
    19    47   -0.3469446952E-017
    20    47    0.0000000000E+000
    21    47   -0.8673617380E-018
    22    47   -0.6505213035E-018
    23    47    0.6505213035E-017
    24    47    0.1734723476E-017
    25    47   -0.8673617380E-018
    26    47    0.8673617380E-018
    27    47    0.5009014037E-016
    28    47   -0.9540979118E-016
    29    47    0.1478851763E-015
    30    47   -0.7524363077E-016
    31    47    0.5079487178E-016
    32    47   -0.2359223927E-015
    33    47    0.4267419751E-015
    34    47   -0.6904199434E-015
    35    47    0.4015884847E-015
    36    47   -0.2324529458E-015
    37    47   -0.3469446952E-016
    38    47   -0.3469446952E-017
    39    47   -0.1526556659E-015
    40    47   -0.6245004514E-016
    41    47    0.7285838599E-016
    42    47   -0.5204170428E-017
    43    47    0.7632783294E-016
    44    47    0.3035766083E-016
    45    47   -0.1110223025E-015
    46    47    0.4024558464E-015
    47    47    0.1067393000E+001
     1    48   -0.2795208726E-019
     2    48    0.5421010862E-018
     3    48   -0.1019150042E-016
     4    48    0.3382710778E-016
     5    48    0.1561251128E-016
     6    48    0.5204170428E-017
     7    48    0.5421010862E-019
     8    48   -0.1626303259E-018
     9    48   -0.8131516294E-019
    10    48   -0.1517883041E-017
    11    48   -0.3035766083E-017
    12    48    0.3035766083E-017
    13    48    0.6071532166E-017
    14    48   -0.2428612866E-016
    15    48   -0.8673617380E-018
    16    48   -0.5204170428E-016
    17    48    0.2333203075E-015
    18    48    0.5724587471E-016
    19    48    0.3469446952E-017
    20    48   -0.2081668171E-016
    21    48   -0.6938893904E-017
    22    48    0.8673617380E-018
    23    48    0.0000000000E+000
    24    48   -0.4336808690E-016
    25    48    0.0000000000E+000
    26    48    0.2168404345E-018
    27    48   -0.5464378949E-016
    28    48   -0.1092875790E-015
    29    48   -0.9757819552E-016
    30    48   -0.1283695372E-015
    31    48   -0.7806255642E-017
    32    48    0.2688821388E-015
    33    48    0.5447031715E-015
    34    48    0.6071532166E-015
    35    48    0.6314393453E-015
    36    48    0.4857225733E-016
    37    48    0.5204170428E-016
    38    48    0.1387778781E-015
    39    48   -0.2775557562E-016
    40    48   -0.1561251128E-015
    41    48    0.5204170428E-017
    42    48   -0.5724587471E-016
    43    48   -0.6938893904E-017
    44    48   -0.3469446952E-017
    45    48   -0.1387778781E-016
    46    48   -0.1214306433E-014
    47    48   -0.1231653668E-015
    48    48    0.1067393000E+001
     1    49    0.3388131789E-020
     2    49   -0.2507217524E-018
     3    49   -0.8673617380E-018
     4    49    0.3469446952E-017
     5    49   -0.1387778781E-016
     6    49   -0.6938893904E-017
     7    49    0.1626303259E-018
     8    49    0.0000000000E+000
     9    49   -0.5421010862E-019
    10    49   -0.2168404345E-018
    11    49    0.3035766083E-017
    12    49    0.8673617380E-018
    13    49   -0.6722053469E-017
    14    49    0.1734723476E-017
    15    49   -0.1647987302E-016
    16    49    0.8196568424E-016
    17    49   -0.7806255642E-016
    18    49    0.2376571162E-015
    19    49   -0.5204170428E-017
    20    49    0.1561251128E-016
    21    49   -0.1734723476E-016
    22    49   -0.4336808690E-018
    23    49   -0.8673617380E-018
    24    49    0.8673617380E-018
    25    49    0.6505213035E-017
    26    49    0.0000000000E+000
    27    49    0.4510281038E-016
    28    49   -0.7665309359E-016
    29    49    0.1743397093E-015
    30    49   -0.6657001339E-016
    31    49   -0.4185020386E-016
    32    49   -0.2289834988E-015
    33    49    0.4145989108E-015
    34    49   -0.8743006319E-015
    35    49    0.3243932900E-015
    36    49    0.2393918397E-015
    37    49   -0.1058181320E-015
    38    49    0.1318389842E-015
    39    49    0.7459310947E-016
    40    49    0.2862293735E-016
    41    49   -0.8153200337E-016
    42    49    0.5551115123E-016
    43    49   -0.1040834086E-016
    44    49    0.1734723476E-016
    45    49    0.7372574773E-015
    46    49    0.2636779683E-015
    47    49   -0.9055256545E-015
    48    49   -0.1925543058E-015
    49    49    0.1067393000E+001
     1    50    0.0000000000E+000
     2    50    0.0000000000E+000
     3    50   -0.8673617380E-018
     4    50    0.0000000000E+000
     5    50   -0.1214306433E-016
     6    50   -0.1040834086E-016
     7    50   -0.1626303259E-018
     8    50    0.8131516294E-019
     9    50    0.4065758147E-019
    10    50    0.2168404345E-018
    11    50   -0.1734723476E-017
    12    50   -0.8673617380E-018
    13    50    0.6938893904E-017
    14    50    0.5204170428E-017
    15    50    0.4336808690E-017
    16    50   -0.7285838599E-016
    17    50   -0.7632783294E-016
    18    50   -0.7285838599E-016
    19    50    0.1040834086E-016
    20    50    0.2602085214E-017
    21    50    0.8673617380E-017
    22    50    0.0000000000E+000
    23    50    0.6505213035E-018
    24    50   -0.8673617380E-018
    25    50    0.0000000000E+000
    26    50   -0.4336808690E-017
    27    50   -0.4336808690E-018
    28    50   -0.1233822072E-015
    29    50   -0.1908195824E-016
    30    50    0.1478851763E-015
    31    50   -0.7199102425E-016
    32    50    0.1734723476E-017
    33    50    0.5793976410E-015
    34    50    0.1266348137E-015
    35    50   -0.6938893904E-015
    36    50    0.4250072516E-015
    37    50   -0.8326672685E-016
    38    50   -0.1040834086E-016
    39    50    0.1491862189E-015
    40    50   -0.7372574773E-017
    41    50   -0.6938893904E-017
    42    50    0.1561251128E-016
    43    50    0.6591949209E-016
    44    50   -0.4753142324E-015
    45    50   -0.4406197629E-015
    46    50   -0.1387778781E-016
    47    50    0.2844946501E-015
    48    50   -0.1630640067E-015
    49    50   -0.3634245682E-015
    50    50    0.1067393000E+001
     1    51    0.6776263578E-020
     2    51    0.0000000000E+000
     3    51    0.1301042607E-017
     4    51   -0.1734723476E-017
     5    51    0.1387778781E-016
     6    51   -0.3469446952E-017
     7    51    0.0000000000E+000
     8    51    0.0000000000E+000
     9    51    0.0000000000E+000
    10    51    0.8673617380E-018
    11    51   -0.1301042607E-017
    12    51    0.1951563910E-017
    13    51   -0.1908195824E-016
    14    51   -0.4770489559E-017
    15    51    0.1019150042E-016
    16    51    0.1370431546E-015
    17    51    0.8153200337E-016
    18    51   -0.3816391647E-016
    19    51   -0.1908195824E-016
    20    51   -0.5204170428E-017
    21    51    0.1734723476E-017
    22    51    0.4336808690E-018
    23    51    0.1951563910E-017
    24    51    0.1301042607E-017
    25    51    0.1301042607E-016
    26    51   -0.1517883041E-017
    27    51    0.1101549407E-015
    28    51   -0.2053478915E-015
    29    51   -0.6505213035E-018
    30    51   -0.2515349040E-016
    31    51    0.1366094737E-015
    32    51   -0.5759281940E-015
    33    51    0.1056446597E-014
    34    51   -0.6938893904E-017
    35    51    0.1700029006E-015
    36    51   -0.6557254739E-015
    37    51    0.5204170428E-017
    38    51   -0.3816391647E-016
    39    51   -0.4163336342E-016
    40    51    0.7632783294E-016
    41    51    0.1344410694E-016
    42    51    0.1734723476E-016
    43    51    0.1942890293E-015
    44    51    0.4857225733E-015
    45    51    0.1387778781E-016
    46    51   -0.4336808690E-015
    47    51   -0.7424616477E-015
    48    51   -0.2428612866E-016
    49    51   -0.1040834086E-015
    50    51   -0.5724587471E-015
    51    51    0.1067393000E+001
     1    52   -0.2286988958E-019
     2    52    0.1355252716E-018
     3    52    0.8673617380E-018
     4    52    0.6938893904E-017
     5    52    0.2081668171E-016
     6    52    0.1734723476E-017
     7    52   -0.5421010862E-019
     8    52   -0.5421010862E-019
     9    52   -0.1355252716E-018
    10    52    0.0000000000E+000
    11    52   -0.2168404345E-018
    12    52    0.1734723476E-017
    13    52    0.4336808690E-018
    14    52    0.8673617380E-018
    15    52   -0.1561251128E-016
    16    52    0.8326672685E-016
    17    52    0.2602085214E-017
    18    52    0.1249000903E-015
    19    52   -0.5204170428E-017
    20    52    0.3035766083E-017
    21    52   -0.1214306433E-016
    22    52   -0.1301042607E-017
    23    52   -0.6505213035E-018
    24    52    0.4336808690E-017
    25    52    0.0000000000E+000
    26    52   -0.4336808690E-018
    27    52    0.2970713953E-015
    28    52    0.2602085214E-017
    29    52    0.2168404345E-017
    30    52    0.0000000000E+000
    31    52   -0.3989863995E-016
    32    52   -0.1523087212E-014
    33    52   -0.1387778781E-016
    34    52    0.3469446952E-017
    35    52    0.3469446952E-017
    36    52    0.2081668171E-015
    37    52   -0.6591949209E-016
    38    52    0.1318389842E-015
    39    52    0.2081668171E-016
    40    52   -0.3469446952E-017
    41    52    0.5377642776E-016
    42    52    0.4163336342E-016
    43    52   -0.2081668171E-016
    44    52    0.6938893904E-017
    45    52    0.4996003611E-015
    46    52    0.5195496811E-015
    47    52    0.6938893904E-017
    48    52   -0.3816391647E-016
    49    52   -0.2775557562E-016
    50    52   -0.6938893904E-016
    51    52   -0.5516420654E-015
    52    52    0.1067393000E+001
