     1     1    0.9999998958E+000
     1     2   -0.3280380498E-007
     2     2    0.9999999881E+000
     1     3   -0.1449771568E-007
     2     3   -0.7029849421E-008
     3     3    0.9999999972E+000
     1     4   -0.6663157162E-008
     2     4   -0.4728413333E-008
     3     4   -0.1190296098E-007
     4     4    0.9999999977E+000
     1     5   -0.2614861174E-008
     2     5   -0.8222709280E-009
     3     5   -0.2421780998E-008
     4     5   -0.1047686714E-008
     5     5    0.9999999982E+000
     1     6    0.1922636841E-008
     2     6    0.6226697062E-009
     3     6   -0.7617136305E-009
     4     6    0.1248423348E-007
     5     6    0.2356411878E-008
     6     6    0.1000000006E+001
     1     7   -0.3469446952E-016
     2     7    0.6938893904E-017
     3     7    0.8673617380E-017
     4     7    0.5204170428E-017
     5     7    0.3035766083E-017
     6     7   -0.1301042607E-017
     7     7    0.9999999997E+000
     1     8   -0.5551115123E-016
     2     8   -0.1387778781E-016
     3     8   -0.1734723476E-017
     4     8    0.5637851297E-017
     5     8   -0.2168404345E-018
     6     8    0.1734723476E-017
     7     8    0.2081668171E-016
     8     8    0.9999999997E+000
     1     9    0.1387778781E-016
     2     9    0.6938893904E-016
     3     9    0.2775557562E-016
     4     9   -0.3469446952E-017
     5     9    0.2602085214E-017
     6     9    0.8673617380E-018
     7     9   -0.1387778781E-016
     8     9   -0.1734723476E-017
     9     9    0.9999999997E+000
     1    10   -0.3469446952E-017
     2    10   -0.1040834086E-016
     3    10   -0.1387778781E-016
     4    10    0.3035766083E-017
     5    10    0.5637851297E-017
     6    10   -0.2168404345E-017
     7    10   -0.7515367217E-009
     8    10    0.6938893904E-017
     9    10   -0.1214306433E-016
    10    10    0.9999999997E+000
     1    11    0.6938893904E-017
     2    11    0.1734723476E-017
     3    11   -0.1387778781E-016
     4    11    0.3469446952E-017
     5    11   -0.8673617380E-018
     6    11   -0.8673617380E-018
     7    11    0.1734723476E-017
     8    11   -0.7515367235E-009
     9    11   -0.1040834086E-016
    10    11   -0.2081668171E-016
    11    11    0.9999999997E+000
     1    12   -0.1734723476E-017
     2    12   -0.6938893904E-017
     3    12    0.0000000000E+000
     4    12    0.1561251128E-016
     5    12   -0.4336808690E-017
     6    12    0.2168404345E-017
     7    12   -0.1127570259E-016
     8    12   -0.8673617380E-017
     9    12   -0.7515367079E-009
    10    12    0.1040834086E-016
    11    12   -0.1387778781E-016
    12    12    0.9999999997E+000
     1    13   -0.3469446952E-017
     2    13   -0.4336808690E-017
     3    13    0.1517883041E-016
     4    13   -0.4857225733E-016
     5    13   -0.6938893904E-017
     6    13    0.6938893904E-017
     7    13   -0.1192068623E-008
     8    13    0.8673617380E-018
     9    13   -0.5204170428E-017
    10    13   -0.6072053828E-008
    11    13   -0.1734723476E-017
    12    13    0.5204170428E-017
    13    13    0.9999999986E+000
     1    14   -0.3469446952E-017
     2    14   -0.3469446952E-017
     3    14    0.1387778781E-016
     4    14   -0.4163336342E-016
     5    14   -0.1734723476E-017
     6    14   -0.5204170428E-017
     7    14    0.3469446952E-017
     8    14   -0.1192068628E-008
     9    14   -0.8673617380E-017
    10    14    0.0000000000E+000
    11    14   -0.6072053853E-008
    12    14    0.4770489559E-017
    13    14   -0.1040834086E-016
    14    14    0.9999999986E+000
     1    15   -0.8673617380E-018
     2    15    0.8673617380E-018
     3    15   -0.4336808690E-017
     4    15   -0.1040834086E-016
     5    15    0.1214306433E-016
     6    15    0.8673617380E-017
     7    15   -0.6071532166E-017
     8    15   -0.5204170428E-017
     9    15   -0.1192068628E-008
    10    15    0.6071532166E-017
    11    15    0.5204170428E-017
    12    15   -0.6072053828E-008
    13    15    0.3469446952E-017
    14    15    0.6938893904E-017
    15    15    0.9999999986E+000
     1    16    0.3035766083E-017
     2    16   -0.1301042607E-017
     3    16    0.4553649124E-017
     4    16    0.0000000000E+000
     5    16   -0.1387778781E-016
     6    16   -0.2775557562E-016
     7    16   -0.2546390078E-009
     8    16   -0.8673617380E-018
     9    16    0.6505213035E-018
    10    16   -0.4809067168E-008
    11    16   -0.2602085214E-017
    12    16   -0.8673617380E-018
    13    16    0.3351062400E-008
    14    16    0.6938893904E-017
    15    16    0.5204170428E-017
    16    16    0.1000000004E+001
     1    17    0.1734723476E-017
     2    17   -0.2168404345E-017
     3    17    0.4119968255E-017
     4    17   -0.3469446952E-017
     5    17    0.0000000000E+000
     6    17   -0.6245004514E-016
     7    17   -0.4336808690E-018
     8    17   -0.2546390121E-009
     9    17   -0.1301042607E-017
    10    17    0.8673617380E-018
    11    17   -0.4809067171E-008
    12    17    0.1734723476E-017
    13    17    0.5204170428E-017
    14    17    0.3351062404E-008
    15    17    0.0000000000E+000
    16    17   -0.6938893904E-017
    17    17    0.1000000004E+001
     1    18   -0.3035766083E-017
     2    18    0.6505213035E-018
     3    18   -0.1951563910E-017
     4    18    0.3469446952E-017
     5    18    0.0000000000E+000
     6    18    0.5030698080E-016
     7    18   -0.9757819552E-018
     8    18   -0.1301042607E-017
     9    18   -0.2546390102E-009
    10    18   -0.4336808690E-018
    11    18    0.1192622390E-017
    12    18   -0.4809067173E-008
    13    18    0.5204170428E-017
    14    18   -0.1734723476E-017
    15    18    0.3351062393E-008
    16    18    0.1561251128E-016
    17    18    0.1040834086E-016
    18    18    0.1000000004E+001
     1    19   -0.1301042607E-017
     2    19   -0.2168404345E-018
     3    19   -0.4336808690E-017
     4    19   -0.3469446952E-017
     5    19   -0.6938893904E-017
     6    19    0.1734723476E-017
     7    19    0.3208499391E-009
     8    19   -0.1084202172E-018
     9    19    0.0000000000E+000
    10    19    0.2975520346E-008
    11    19   -0.1734723476E-017
    12    19   -0.1301042607E-017
    13    19    0.3314902899E-007
    14    19   -0.5204170428E-017
    15    19    0.1734723476E-017
    16    19    0.2852294313E-007
    17    19    0.8673617380E-017
    18    19    0.6938893904E-017
    19    19    0.1000000142E+001
     1    20   -0.1734723476E-017
     2    20    0.1517883041E-017
     3    20   -0.4336808690E-017
     4    20   -0.6938893904E-017
     5    20   -0.3469446952E-017
     6    20   -0.4163336342E-016
     7    20   -0.3252606517E-018
     8    20    0.3208499419E-009
     9    20    0.0000000000E+000
    10    20   -0.1301042607E-017
    11    20    0.2975520349E-008
    12    20   -0.3252606517E-018
    13    20   -0.5204170428E-017
    14    20    0.3314902899E-007
    15    20    0.3469446952E-017
    16    20    0.1734723476E-017
    17    20    0.2852294317E-007
    18    20    0.6938893904E-017
    19    20   -0.1387778781E-016
    20    20    0.1000000142E+001
     1    21    0.0000000000E+000
     2    21    0.1084202172E-017
     3    21    0.3903127821E-017
     4    21    0.0000000000E+000
     5    21    0.8673617380E-017
     6    21    0.0000000000E+000
     7    21   -0.6505213035E-018
     8    21    0.0000000000E+000
     9    21    0.3208499375E-009
    10    21   -0.8673617380E-018
    11    21   -0.5421010862E-018
    12    21    0.2975520350E-008
    13    21    0.3469446952E-017
    14    21    0.3469446952E-017
    15    21    0.3314902899E-007
    16    21    0.3469446952E-017
    17    21    0.0000000000E+000
    18    21    0.2852294313E-007
    19    21    0.1387778781E-016
    20    21    0.1387778781E-016
    21    21    0.1000000142E+001
     1    22   -0.8673617380E-018
     2    22   -0.4163336342E-016
     3    22   -0.6938893904E-017
     4    22    0.7806255642E-017
     5    22    0.4336808690E-018
     6    22    0.0000000000E+000
     7    22   -0.4163336342E-016
     8    22    0.1387778781E-016
     9    22   -0.1908195824E-016
    10    22   -0.1387778781E-016
    11    22    0.0000000000E+000
    12    22   -0.2775557562E-016
    13    22   -0.1561251128E-016
    14    22    0.1734723476E-017
    15    22    0.2168404345E-017
    16    22    0.2385244779E-017
    17    22    0.0000000000E+000
    18    22   -0.4336808690E-017
    19    22    0.1301042607E-017
    20    22    0.8673617380E-018
    21    22   -0.1084202172E-017
    22    22    0.1000000000E+001
     1    23   -0.2602085214E-017
     2    23    0.5204170428E-017
     3    23   -0.6938893904E-017
     4    23    0.1387778781E-016
     5    23    0.8673617380E-018
     6    23   -0.3469446952E-017
     7    23   -0.1387778781E-016
     8    23    0.0000000000E+000
     9    23   -0.1387778781E-016
    10    23    0.0000000000E+000
    11    23   -0.4163336342E-016
    12    23    0.1387778781E-016
    13    23    0.1040834086E-016
    14    23    0.3469446952E-017
    15    23   -0.3469446952E-017
    16    23   -0.8673617380E-018
    17    23    0.2818925648E-017
    18    23   -0.4336808690E-018
    19    23   -0.4336808690E-018
    20    23   -0.3686287386E-017
    21    23    0.0000000000E+000
    22    23    0.0000000000E+000
    23    23    0.1000000000E+001
     1    24    0.2602085214E-017
     2    24   -0.7112366252E-016
     3    24    0.6938893904E-016
     4    24   -0.1561251128E-016
     5    24   -0.4770489559E-017
     6    24    0.5637851297E-017
     7    24    0.0000000000E+000
     8    24    0.1387778781E-016
     9    24   -0.2428612866E-016
    10    24   -0.2081668171E-016
    11    24    0.0000000000E+000
    12    24   -0.9540979118E-017
    13    24    0.1734723476E-017
    14    24    0.0000000000E+000
    15    24   -0.3469446952E-017
    16    24    0.4336808690E-018
    17    24    0.4336808690E-018
    18    24    0.1734723476E-017
    19    24   -0.3903127821E-017
    20    24   -0.1301042607E-017
    21    24    0.3469446952E-017
    22    24    0.2255140519E-016
    23    24    0.1040834086E-016
    24    24    0.1000000000E+001
     1    25    0.8673617380E-018
     2    25    0.6938893904E-017
     3    25    0.2775557562E-016
     4    25    0.1734723476E-017
     5    25    0.3035766083E-017
     6    25    0.8673617380E-018
     7    25   -0.1387778781E-016
     8    25    0.1040834086E-016
     9    25   -0.3469446952E-016
    10    25   -0.6938893904E-017
    11    25    0.0000000000E+000
    12    25    0.1387778781E-016
    13    25   -0.3469446952E-017
    14    25   -0.1040834086E-016
    15    25   -0.3469446952E-017
    16    25   -0.4336808690E-018
    17    25    0.3035766083E-017
    18    25    0.3035766083E-017
    19    25   -0.1301042607E-017
    20    25    0.2602085214E-017
    21    25    0.2168404345E-017
    22    25   -0.1040834086E-016
    23    25    0.2428612866E-016
    24    25   -0.4683753385E-016
    25    25    0.1000000000E+001
     1    26   -0.8673617380E-018
     2    26   -0.1387778781E-016
     3    26    0.6938893904E-017
     4    26   -0.4336808690E-017
     5    26    0.0000000000E+000
     6    26   -0.8673617380E-018
     7    26   -0.3122502257E-016
     8    26   -0.3469446952E-017
     9    26   -0.1387778781E-016
    10    26    0.4163336342E-016
    11    26   -0.6938893904E-017
    12    26    0.2081668171E-016
    13    26    0.7806255642E-017
    14    26   -0.3469446952E-017
    15    26   -0.5204170428E-017
    16    26   -0.3469446952E-017
    17    26    0.1734723476E-017
    18    26   -0.4770489559E-017
    19    26   -0.5204170428E-017
    20    26    0.4336808690E-018
    21    26   -0.1734723476E-017
    22    26   -0.2081668171E-016
    23    26   -0.2775557562E-016
    24    26    0.0000000000E+000
    25    26    0.1561251128E-016
    26    26    0.1000000000E+001
     1    27    0.8673617380E-018
     2    27    0.0000000000E+000
     3    27    0.0000000000E+000
     4    27    0.1734723476E-017
     5    27    0.6938893904E-017
     6    27   -0.5204170428E-017
     7    27   -0.1734723476E-017
     8    27   -0.3469446952E-017
     9    27    0.8673617380E-018
    10    27   -0.1214306433E-016
    11    27   -0.3903127821E-017
    12    27    0.0000000000E+000
    13    27   -0.6938893904E-017
    14    27   -0.6938893904E-017
    15    27   -0.1387778781E-016
    16    27   -0.6071532166E-017
    17    27    0.3469446952E-017
    18    27    0.0000000000E+000
    19    27    0.1561251128E-016
    20    27   -0.3469446952E-017
    21    27    0.6938893904E-017
    22    27   -0.2177693147E-009
    23    27    0.1734723476E-017
    24    27   -0.1040834086E-016
    25    27    0.9540979118E-017
    26    27    0.0000000000E+000
    27    27    0.9999999994E+000
     1    28   -0.5421010862E-018
     2    28    0.0000000000E+000
     3    28    0.1734723476E-017
     4    28   -0.3295974604E-016
     5    28    0.0000000000E+000
     6    28   -0.3469446952E-017
     7    28    0.3469446952E-017
     8    28   -0.3469446952E-017
     9    28    0.3469446952E-017
    10    28   -0.5204170428E-017
    11    28   -0.3469446952E-017
    12    28    0.6505213035E-017
    13    28   -0.6938893904E-017
    14    28    0.2775557562E-016
    15    28   -0.6938893904E-017
    16    28    0.0000000000E+000
    17    28   -0.6938893904E-017
    18    28   -0.6938893904E-017
    19    28    0.4336808690E-017
    20    28    0.0000000000E+000
    21    28    0.0000000000E+000
    22    28    0.3469446952E-017
    23    28   -0.2177693512E-009
    24    28   -0.5204170428E-017
    25    28   -0.5204170428E-017
    26    28    0.3469446952E-017
    27    28   -0.1387778781E-016
    28    28    0.9999999994E+000
     1    29    0.6505213035E-018
     2    29   -0.2949029909E-016
     3    29   -0.1734723476E-017
     4    29    0.1179611964E-015
     5    29   -0.2775557562E-016
     6    29    0.1040834086E-016
     7    29    0.1734723476E-017
     8    29   -0.3469446952E-017
     9    29   -0.5204170428E-017
    10    29   -0.4336808690E-017
    11    29    0.1734723476E-016
    12    29    0.5204170428E-017
    13    29   -0.6938893904E-017
    14    29    0.2775557562E-016
    15    29   -0.2081668171E-016
    16    29   -0.7806255642E-017
    17    29    0.1040834086E-016
    18    29   -0.1734723476E-017
    19    29    0.6071532166E-017
    20    29   -0.6938893904E-017
    21    29    0.0000000000E+000
    22    29   -0.6938893904E-017
    23    29   -0.1734723476E-017
    24    29   -0.2177693494E-009
    25    29    0.3469446952E-017
    26    29    0.8673617380E-017
    27    29   -0.3469446952E-016
    28    29   -0.3469446952E-017
    29    29    0.9999999994E+000
     1    30    0.0000000000E+000
     2    30    0.8673617380E-018
     3    30   -0.5204170428E-017
     4    30   -0.2081668171E-016
     5    30   -0.3469446952E-017
     6    30   -0.3469446952E-017
     7    30    0.3469446952E-017
     8    30   -0.3469446952E-017
     9    30   -0.6938893904E-017
    10    30    0.4336808690E-017
    11    30   -0.1734723476E-017
    12    30    0.3469446952E-017
    13    30   -0.1040834086E-016
    14    30   -0.1387778781E-016
    15    30   -0.2775557562E-016
    16    30   -0.4336808690E-017
    17    30    0.4336808690E-017
    18    30   -0.6071532166E-017
    19    30    0.1734723476E-017
    20    30    0.6938893904E-017
    21    30    0.3469446952E-017
    22    30    0.6938893904E-017
    23    30   -0.3469446952E-017
    24    30   -0.8673617380E-018
    25    30   -0.2177693538E-009
    26    30   -0.3469446952E-017
    27    30   -0.6938893904E-017
    28    30    0.8673617380E-017
    29    30   -0.6938893904E-017
    30    30    0.9999999994E+000
     1    31    0.1626303259E-018
     2    31    0.6071532166E-017
     3    31    0.3469446952E-017
     4    31    0.0000000000E+000
     5    31    0.6938893904E-017
     6    31    0.3469446952E-017
     7    31   -0.6938893904E-017
     8    31    0.1734723476E-017
     9    31    0.3469446952E-017
    10    31    0.4336808690E-017
    11    31    0.8673617380E-018
    12    31    0.6938893904E-017
    13    31   -0.1387778781E-016
    14    31    0.1040834086E-016
    15    31    0.2081668171E-016
    16    31   -0.1040834086E-016
    17    31   -0.1734723476E-017
    18    31   -0.3469446952E-017
    19    31    0.0000000000E+000
    20    31   -0.4336808690E-018
    21    31    0.1040834086E-016
    22    31    0.1040834086E-016
    23    31    0.1734723476E-017
    24    31    0.5204170428E-017
    25    31   -0.6938893904E-017
    26    31   -0.2177693754E-009
    27    31    0.0000000000E+000
    28    31   -0.6938893904E-017
    29    31    0.0000000000E+000
    30    31    0.2428612866E-016
    31    31    0.9999999994E+000
     1    32    0.1084202172E-018
     2    32    0.3469446952E-017
     3    32    0.4336808690E-018
     4    32   -0.8673617380E-018
     5    32    0.1040834086E-016
     6    32   -0.2775557562E-016
     7    32   -0.1301042607E-017
     8    32   -0.1734723476E-017
     9    32    0.8673617380E-018
    10    32    0.1734723476E-017
    11    32   -0.1301042607E-017
    12    32   -0.3903127821E-017
    13    32    0.1040834086E-016
    14    32   -0.1734723476E-017
    15    32   -0.5204170428E-017
    16    32    0.0000000000E+000
    17    32    0.2602085214E-017
    18    32   -0.2775557562E-016
    19    32    0.1214306433E-016
    20    32   -0.4336808690E-017
    21    32    0.1387778781E-016
    22    32   -0.6312267307E-008
    23    32    0.6071532166E-017
    24    32   -0.1734723476E-017
    25    32   -0.3469446952E-017
    26    32    0.3469446952E-017
    27    32   -0.5188751165E-009
    28    32   -0.1734723476E-017
    29    32    0.8673617380E-018
    30    32    0.6938893904E-017
    31    32   -0.8673617380E-018
    32    32    0.1000000004E+001
     1    33    0.1084202172E-018
     2    33   -0.2168404345E-018
     3    33    0.8673617380E-018
     4    33    0.3469446952E-017
     5    33    0.6938893904E-017
     6    33   -0.2775557562E-016
     7    33   -0.1734723476E-017
     8    33   -0.2602085214E-017
     9    33    0.0000000000E+000
    10    33   -0.4336808690E-018
    11    33    0.2602085214E-017
    12    33    0.8673617380E-018
    13    33    0.1734723476E-017
    14    33    0.6938893904E-017
    15    33    0.2602085214E-017
    16    33   -0.1387778781E-016
    17    33   -0.1387778781E-016
    18    33   -0.3469446952E-017
    19    33    0.0000000000E+000
    20    33   -0.6938893904E-017
    21    33   -0.1734723476E-017
    22    33    0.4770489559E-017
    23    33   -0.6312267322E-008
    24    33   -0.3469446952E-017
    25    33    0.0000000000E+000
    26    33   -0.1734723476E-017
    27    33   -0.4336808690E-018
    28    33   -0.5188751217E-009
    29    33    0.5204170428E-017
    30    33    0.3469446952E-017
    31    33    0.3469446952E-017
    32    33   -0.1214306433E-016
    33    33    0.1000000004E+001
     1    34    0.3252606517E-018
     2    34   -0.1951563910E-017
     3    34   -0.4336808690E-017
     4    34    0.2602085214E-016
     5    34    0.9020562075E-016
     6    34    0.1179611964E-015
     7    34    0.0000000000E+000
     8    34   -0.8673617380E-018
     9    34    0.3035766083E-017
    10    34   -0.4336808690E-018
    11    34   -0.1301042607E-017
    12    34   -0.1734723476E-017
    13    34    0.6938893904E-017
    14    34   -0.6938893904E-017
    15    34   -0.3469446952E-017
    16    34   -0.3122502257E-016
    17    34    0.1040834086E-016
    18    34    0.0000000000E+000
    19    34    0.1387778781E-016
    20    34    0.0000000000E+000
    21    34   -0.6938893904E-017
    22    34   -0.2602085214E-017
    23    34   -0.8673617380E-018
    24    34   -0.6312267318E-008
    25    34   -0.1301042607E-017
    26    34   -0.1734723476E-017
    27    34   -0.5204170428E-017
    28    34    0.8673617380E-018
    29    34   -0.5188750506E-009
    30    34    0.4770489559E-017
    31    34   -0.1734723476E-017
    32    34    0.1734723476E-017
    33    34    0.1040834086E-016
    34    34    0.1000000004E+001
     1    35    0.0000000000E+000
     2    35    0.4336808690E-018
     3    35   -0.8673617380E-018
     4    35    0.8239936511E-017
     5    35   -0.2081668171E-016
     6    35    0.2081668171E-016
     7    35    0.0000000000E+000
     8    35    0.1734723476E-017
     9    35   -0.1734723476E-017
    10    35    0.8673617380E-018
    11    35   -0.8673617380E-018
    12    35    0.1517883041E-017
    13    35   -0.8673617380E-018
    14    35   -0.7372574773E-017
    15    35    0.3469446952E-017
    16    35   -0.2602085214E-017
    17    35   -0.3469446952E-017
    18    35    0.0000000000E+000
    19    35   -0.6071532166E-017
    20    35   -0.1734723476E-016
    21    35    0.6938893904E-017
    22    35   -0.1734723476E-017
    23    35   -0.1517883041E-017
    24    35   -0.2168404345E-017
    25    35   -0.6312267314E-008
    26    35    0.0000000000E+000
    27    35   -0.3469446952E-017
    28    35    0.6071532166E-017
    29    35    0.0000000000E+000
    30    35   -0.5188751243E-009
    31    35    0.5204170428E-017
    32    35   -0.1387778781E-016
    33    35   -0.6938893904E-017
    34    35    0.0000000000E+000
    35    35    0.1000000004E+001
     1    36   -0.8131516294E-019
     2    36    0.2602085214E-017
     3    36    0.2602085214E-017
     4    36    0.5204170428E-017
     5    36    0.1387778781E-016
     6    36    0.0000000000E+000
     7    36   -0.1301042607E-017
     8    36    0.1084202172E-017
     9    36   -0.4336808690E-018
    10    36    0.8673617380E-018
    11    36   -0.1734723476E-017
    12    36    0.3469446952E-017
    13    36   -0.1734723476E-017
    14    36   -0.1301042607E-017
    15    36   -0.1734723476E-017
    16    36   -0.1387778781E-016
    17    36   -0.3469446952E-017
    18    36    0.1387778781E-016
    19    36    0.6938893904E-017
    20    36    0.4336808690E-017
    21    36    0.3469446952E-017
    22    36    0.0000000000E+000
    23    36   -0.1301042607E-017
    24    36   -0.4336808690E-018
    25    36    0.0000000000E+000
    26    36   -0.6312267293E-008
    27    36    0.3469446952E-017
    28    36   -0.3469446952E-017
    29    36    0.0000000000E+000
    30    36   -0.2602085214E-017
    31    36   -0.5188750853E-009
    32    36   -0.1734723476E-016
    33    36   -0.1734723476E-016
    34    36    0.5204170428E-017
    35    36   -0.2775557562E-016
    36    36    0.1000000004E+001
     1    37    0.4632211430E-022
     2    37   -0.3388131789E-020
     3    37   -0.5421010862E-019
     4    37   -0.8673617380E-018
     5    37    0.0000000000E+000
     6    37    0.8673617380E-017
     7    37   -0.1694065895E-019
     8    37    0.8470329473E-021
     9    37    0.1016439537E-019
    10    37    0.2168404345E-018
    11    37    0.1626303259E-018
    12    37   -0.1084202172E-018
    13    37   -0.6938893904E-017
    14    37    0.0000000000E+000
    15    37    0.8673617380E-018
    16    37    0.1387778781E-016
    17    37    0.0000000000E+000
    18    37    0.1561251128E-016
    19    37   -0.2081668171E-016
    20    37   -0.6938893904E-017
    21    37    0.6938893904E-017
    22    37    0.0000000000E+000
    23    37    0.1084202172E-018
    24    37    0.8131516294E-019
    25    37   -0.1084202172E-018
    26    37   -0.1897353802E-018
    27    37   -0.2602085214E-017
    28    37    0.6938893904E-017
    29    37   -0.8673617380E-018
    30    37   -0.1734723476E-017
    31    37   -0.3469446952E-017
    32    37    0.2775557562E-016
    33    37    0.1734723476E-017
    34    37   -0.3469446952E-017
    35    37    0.2255140519E-016
    36    37   -0.2081668171E-016
    37    37    0.1000000002E+001
     1    38   -0.1058791184E-021
     2    38    0.2032879073E-019
     3    38    0.2168404345E-018
     4    38    0.3469446952E-017
     5    38    0.1387778781E-016
     6    38   -0.6938893904E-017
     7    38   -0.3388131789E-020
     8    38    0.1355252716E-019
     9    38   -0.6776263578E-020
    10    38    0.1355252716E-019
    11    38   -0.1084202172E-018
    12    38   -0.4607859233E-018
    13    38    0.1301042607E-017
    14    38    0.4336808690E-018
    15    38   -0.3469446952E-017
    16    38   -0.3469446952E-017
    17    38    0.1908195824E-016
    18    38    0.1387778781E-016
    19    38   -0.3469446952E-017
    20    38    0.3816391647E-016
    21    38    0.0000000000E+000
    22    38   -0.4336808690E-018
    23    38    0.5421010862E-019
    24    38    0.3523657061E-018
    25    38    0.5421010862E-018
    26    38    0.5421010862E-019
    27    38   -0.8673617380E-017
    28    38    0.8673617380E-017
    29    38    0.2168404345E-017
    30    38   -0.6938893904E-017
    31    38   -0.8673617380E-018
    32    38    0.0000000000E+000
    33    38    0.2081668171E-016
    34    38   -0.6505213035E-017
    35    38    0.0000000000E+000
    36    38    0.1734723476E-017
    37    38   -0.3469446952E-017
    38    38    0.1000000002E+001
     1    39   -0.2646977960E-022
     2    39    0.0000000000E+000
     3    39    0.0000000000E+000
     4    39    0.0000000000E+000
     5    39    0.2081668171E-016
     6    39    0.3469446952E-017
     7    39    0.4658681210E-019
     8    39    0.0000000000E+000
     9    39    0.5929230631E-020
    10    39   -0.3144186300E-017
    11    39    0.2168404345E-018
    12    39   -0.1084202172E-018
    13    39    0.3816391647E-016
    14    39   -0.3469446952E-017
    15    39    0.8673617380E-018
    16    39   -0.1769417945E-015
    17    39    0.1387778781E-016
    18    39    0.1734723476E-017
    19    39   -0.6245004514E-016
    20    39    0.1387778781E-016
    21    39   -0.1387778781E-016
    22    39   -0.2710505431E-018
    23    39    0.0000000000E+000
    24    39   -0.1084202172E-018
    25    39    0.2168404345E-018
    26    39    0.1626303259E-018
    27    39    0.0000000000E+000
    28    39   -0.5204170428E-017
    29    39    0.0000000000E+000
    30    39   -0.3035766083E-017
    31    39    0.8673617380E-018
    32    39   -0.6938893904E-017
    33    39    0.0000000000E+000
    34    39    0.0000000000E+000
    35    39    0.8673617380E-017
    36    39    0.0000000000E+000
    37    39   -0.1040834086E-016
    38    39    0.6938893904E-017
    39    39    0.1000000002E+001
     1    40   -0.7279189390E-022
     2    40    0.0000000000E+000
     3    40    0.0000000000E+000
     4    40   -0.1734723476E-017
     5    40    0.1734723476E-016
     6    40    0.2081668171E-016
     7    40   -0.1694065895E-020
     8    40    0.4743384505E-019
     9    40    0.6776263578E-020
    10    40   -0.8131516294E-019
    11    40   -0.2114194236E-017
    12    40   -0.5421010862E-019
    13    40   -0.1734723476E-017
    14    40    0.5724587471E-016
    15    40    0.2385244779E-017
    16    40    0.0000000000E+000
    17    40   -0.1769417945E-015
    18    40   -0.8673617380E-017
    19    40   -0.4336808690E-017
    20    40   -0.6938893904E-017
    21    40    0.0000000000E+000
    22    40    0.1084202172E-018
    23    40   -0.1084202172E-018
    24    40   -0.3252606517E-018
    25    40    0.0000000000E+000
    26    40   -0.2168404345E-018
    27    40    0.1734723476E-017
    28    40    0.3469446952E-017
    29    40    0.0000000000E+000
    30    40   -0.4336808690E-017
    31    40   -0.5204170428E-017
    32    40    0.8673617380E-018
    33    40   -0.3816391647E-016
    34    40    0.0000000000E+000
    35    40    0.1734723476E-016
    36    40    0.6938893904E-017
    37    40   -0.6938893904E-017
    38    40    0.1301042607E-016
    39    40   -0.3469446952E-017
    40    40    0.1000000002E+001
     1    41    0.0000000000E+000
     2    41   -0.6776263578E-020
     3    41    0.1626303259E-018
     4    41   -0.3469446952E-017
     5    41   -0.1387778781E-016
     6    41    0.6938893904E-017
     7    41    0.4235164736E-020
     8    41   -0.6776263578E-020
     9    41    0.5082197684E-019
    10    41   -0.1626303259E-018
    11    41    0.1355252716E-018
    12    41   -0.2602085214E-017
    13    41    0.1734723476E-017
    14    41    0.1734723476E-017
    15    41    0.3122502257E-016
    16    41    0.6938893904E-017
    17    41    0.5204170428E-017
    18    41   -0.1873501354E-015
    19    41   -0.1387778781E-016
    20    41   -0.6938893904E-017
    21    41   -0.6938893904E-016
    22    41   -0.2710505431E-019
    23    41    0.2710505431E-018
    24    41    0.2981555974E-018
    25    41    0.2168404345E-018
    26    41    0.2710505431E-018
    27    41   -0.2602085214E-017
    28    41   -0.1301042607E-017
    29    41   -0.1734723476E-017
    30    41   -0.3469446952E-017
    31    41   -0.1734723476E-017
    32    41    0.1734723476E-017
    33    41    0.1821459650E-016
    34    41   -0.1734723476E-017
    35    41    0.2602085214E-016
    36    41   -0.1387778781E-016
    37    41    0.1734723476E-016
    38    41    0.1387778781E-016
    39    41    0.2255140519E-016
    40    41    0.6938893904E-017
    41    41    0.1000000002E+001
     1    42    0.3970466940E-022
     2    42    0.0000000000E+000
     3    42   -0.5421010862E-019
     4    42   -0.3469446952E-017
     5    42   -0.1387778781E-016
     6    42    0.1040834086E-016
     7    42   -0.2541098842E-020
     8    42   -0.3388131789E-020
     9    42   -0.1355252716E-019
    10    42    0.0000000000E+000
    11    42    0.5421010862E-019
    12    42   -0.1084202172E-018
    13    42   -0.5204170428E-017
    14    42    0.0000000000E+000
    15    42    0.1734723476E-017
    16    42   -0.1734723476E-016
    17    42   -0.1040834086E-016
    18    42    0.1387778781E-016
    19    42   -0.3469446952E-017
    20    42    0.1387778781E-016
    21    42    0.6938893904E-017
    22    42    0.1084202172E-018
    23    42    0.5421010862E-019
    24    42    0.0000000000E+000
    25    42   -0.1084202172E-018
    26    42   -0.5963111949E-018
    27    42   -0.8673617380E-018
    28    42    0.1040834086E-016
    29    42   -0.2168404345E-017
    30    42    0.7806255642E-017
    31    42   -0.1387778781E-016
    32    42    0.8673617380E-017
    33    42   -0.1734723476E-017
    34    42   -0.6938893904E-017
    35    42    0.1387778781E-016
    36    42   -0.5551115123E-016
    37    42    0.0000000000E+000
    38    42   -0.1040834086E-016
    39    42   -0.3469446952E-017
    40    42   -0.2775557562E-016
    41    42    0.3469446952E-017
    42    42    0.1000000002E+001
     1    43    0.0000000000E+000
     2    43   -0.5082197684E-020
     3    43    0.2168404345E-018
     4    43    0.0000000000E+000
     5    43   -0.6938893904E-017
     6    43   -0.1734723476E-016
     7    43    0.0000000000E+000
     8    43   -0.3388131789E-020
     9    43    0.1355252716E-019
    10    43   -0.4336808690E-018
    11    43    0.2168404345E-018
    12    43    0.1084202172E-018
    13    43   -0.3469446952E-017
    14    43   -0.5204170428E-017
    15    43    0.1387778781E-016
    16    43   -0.2081668171E-016
    17    43   -0.9540979118E-017
    18    43   -0.6938893904E-017
    19    43   -0.6938893904E-017
    20    43   -0.7372574773E-017
    21    43    0.4163336342E-016
    22    43   -0.3252606517E-018
    23    43    0.0000000000E+000
    24    43    0.4743384505E-018
    25    43   -0.1355252716E-018
    26    43    0.1626303259E-018
    27    43    0.0000000000E+000
    28    43    0.6071532166E-017
    29    43    0.0000000000E+000
    30    43   -0.8673617380E-017
    31    43   -0.5204170428E-017
    32    43    0.3469446952E-017
    33    43    0.1387778781E-016
    34    43    0.6938893904E-017
    35    43   -0.2775557562E-016
    36    43   -0.3469446952E-017
    37    43    0.0000000000E+000
    38    43    0.1387778781E-016
    39    43   -0.1040834086E-016
    40    43    0.5204170428E-017
    41    43    0.2081668171E-016
    42    43   -0.1040834086E-016
    43    43    0.1000000002E+001
     1    44    0.6617444900E-023
     2    44    0.4235164736E-021
     3    44    0.5421010862E-019
     4    44    0.1734723476E-017
     5    44    0.1734723476E-016
     6    44    0.1734723476E-016
     7    44   -0.8470329473E-021
     8    44    0.0000000000E+000
     9    44    0.4235164736E-021
    10    44    0.8131516294E-019
    11    44    0.5421010862E-019
    12    44   -0.1287490080E-018
    13    44   -0.8673617380E-018
    14    44   -0.2168404345E-018
    15    44   -0.6938893904E-017
    16    44   -0.2775557562E-016
    17    44   -0.1040834086E-016
    18    44   -0.8673617380E-017
    19    44   -0.1734723476E-016
    20    44   -0.3469446952E-017
    21    44   -0.1040834086E-016
    22    44   -0.1626303259E-018
    23    44   -0.1355252716E-019
    24    44   -0.5421010862E-019
    25    44   -0.1084202172E-018
    26    44   -0.1355252716E-019
    27    44   -0.3469446952E-017
    28    44    0.6938893904E-017
    29    44   -0.3469446952E-017
    30    44    0.3469446952E-017
    31    44   -0.3469446952E-017
    32    44    0.1734723476E-017
    33    44   -0.5204170428E-017
    34    44    0.2081668171E-016
    35    44    0.8673617380E-017
    36    44   -0.3122502257E-016
    37    44   -0.3469446952E-016
    38    44   -0.6938893904E-017
    39    44   -0.3122502257E-016
    40    44   -0.1387778781E-016
    41    44    0.1734723476E-017
    42    44    0.1040834086E-016
    43    44   -0.2428612866E-016
    44    44    0.1000000000E+001
     1    45   -0.1654361225E-023
     2    45   -0.4235164736E-021
     3    45    0.8131516294E-019
     4    45   -0.3469446952E-017
     5    45    0.1387778781E-016
     6    45   -0.3469446952E-017
     7    45   -0.2329340605E-020
     8    45   -0.1270549421E-020
     9    45   -0.8470329473E-021
    10    45    0.0000000000E+000
    11    45   -0.2032879073E-019
    12    45   -0.1355252716E-018
    13    45   -0.2602085214E-017
    14    45    0.2602085214E-017
    15    45   -0.8673617380E-018
    16    45   -0.1040834086E-016
    17    45    0.1561251128E-016
    18    45   -0.2081668171E-016
    19    45   -0.3469446952E-017
    20    45   -0.1387778781E-016
    21    45   -0.1040834086E-016
    22    45    0.2710505431E-018
    23    45    0.1084202172E-017
    24    45   -0.1084202172E-018
    25    45   -0.5421010862E-019
    26    45   -0.9486769009E-019
    27    45    0.0000000000E+000
    28    45   -0.7372574773E-017
    29    45    0.1734723476E-017
    30    45   -0.4336808690E-017
    31    45    0.3469446952E-017
    32    45   -0.6938893904E-017
    33    45    0.6938893904E-017
    34    45    0.1734723476E-017
    35    45    0.0000000000E+000
    36    45   -0.6938893904E-017
    37    45   -0.2775557562E-016
    38    45    0.3469446952E-017
    39    45    0.1127570259E-016
    40    45   -0.1387778781E-016
    41    45   -0.1040834086E-016
    42    45    0.3469446952E-016
    43    45   -0.1040834086E-016
    44    45   -0.1908195824E-016
    45    45    0.1000000000E+001
     1    46    0.6617444900E-023
     2    46    0.0000000000E+000
     3    46    0.8131516294E-019
     4    46   -0.1301042607E-017
     5    46    0.9540979118E-017
     6    46    0.2081668171E-016
     7    46   -0.8470329473E-021
     8    46   -0.2541098842E-020
     9    46    0.8470329473E-021
    10    46    0.0000000000E+000
    11    46    0.8131516294E-019
    12    46   -0.1151964808E-018
    13    46    0.8673617380E-018
    14    46    0.4336808690E-017
    15    46    0.1734723476E-017
    16    46   -0.6938893904E-017
    17    46    0.2255140519E-016
    18    46    0.1908195824E-016
    19    46    0.2775557562E-016
    20    46    0.1387778781E-016
    21    46    0.3469446952E-017
    22    46    0.2005774019E-017
    23    46    0.4065758147E-019
    24    46    0.2710505431E-019
    25    46    0.4065758147E-019
    26    46    0.1084202172E-018
    27    46   -0.5898059818E-016
    28    46    0.3469446952E-017
    29    46    0.1734723476E-017
    30    46    0.0000000000E+000
    31    46   -0.1734723476E-017
    32    46    0.1769417945E-015
    33    46    0.1734723476E-016
    34    46    0.1561251128E-016
    35    46   -0.2775557562E-016
    36    46    0.1040834086E-016
    37    46   -0.1387778781E-016
    38    46    0.5898059818E-016
    39    46   -0.2081668171E-016
    40    46   -0.8673617380E-017
    41    46   -0.3469446952E-017
    42    46    0.3469446952E-017
    43    46    0.3469446952E-017
    44    46   -0.6938893904E-017
    45    46   -0.2602085214E-016
    46    46    0.1000000000E+001
     1    47   -0.9098986738E-023
     2    47    0.4235164736E-021
     3    47    0.6776263578E-019
     4    47   -0.8673617380E-018
     5    47   -0.6938893904E-017
     6    47    0.6938893904E-017
     7    47   -0.2117582368E-020
     8    47    0.0000000000E+000
     9    47   -0.1694065895E-020
    10    47    0.5421010862E-019
    11    47   -0.1626303259E-018
    12    47    0.1219727444E-018
    13    47   -0.3035766083E-017
    14    47    0.4336808690E-018
    15    47    0.8673617380E-018
    16    47    0.0000000000E+000
    17    47   -0.1040834086E-016
    18    47    0.1040834086E-016
    19    47   -0.1387778781E-016
    20    47   -0.1387778781E-016
    21    47    0.6938893904E-017
    22    47   -0.2710505431E-019
    23    47   -0.3930232875E-018
    24    47    0.5421010862E-019
    25    47   -0.8131516294E-019
    26    47   -0.5421010862E-019
    27    47    0.1301042607E-017
    28    47    0.0000000000E+000
    29    47   -0.9540979118E-017
    30    47   -0.6505213035E-018
    31    47   -0.2168404345E-017
    32    47   -0.5204170428E-017
    33    47    0.9714451465E-016
    34    47    0.1387778781E-016
    35    47   -0.1734723476E-016
    36    47   -0.6938893904E-017
    37    47   -0.6938893904E-017
    38    47    0.1908195824E-016
    39    47    0.0000000000E+000
    40    47   -0.1908195824E-016
    41    47   -0.1908195824E-016
    42    47    0.3469446952E-017
    43    47   -0.1387778781E-016
    44    47    0.0000000000E+000
    45    47    0.0000000000E+000
    46    47    0.1387778781E-016
    47    47    0.1000000000E+001
     1    48    0.3680953726E-022
     2    48   -0.6776263578E-020
     3    48    0.3523657061E-018
     4    48   -0.9974659987E-017
     5    48    0.5204170428E-016
     6    48    0.6071532166E-016
     7    48   -0.1270549421E-020
     8    48    0.2541098842E-020
     9    48    0.1058791184E-021
    10    48   -0.5421010862E-019
    11    48    0.6776263578E-019
    12    48   -0.5421010862E-019
    13    48    0.0000000000E+000
    14    48   -0.8673617380E-018
    15    48    0.0000000000E+000
    16    48   -0.1734723476E-016
    17    48    0.5204170428E-017
    18    48    0.1387778781E-016
    19    48   -0.6071532166E-017
    20    48    0.9974659987E-017
    21    48   -0.3469446952E-017
    22    48   -0.1626303259E-018
    23    48    0.0000000000E+000
    24    48    0.4011548038E-017
    25    48    0.2710505431E-019
    26    48   -0.5421010862E-019
    27    48   -0.6071532166E-017
    28    48    0.3469446952E-017
    29    48   -0.1387778781E-015
    30    48   -0.3469446952E-017
    31    48   -0.1301042607E-017
    32    48   -0.5204170428E-017
    33    48    0.3469446952E-016
    34    48    0.3955169525E-015
    35    48    0.0000000000E+000
    36    48   -0.6938893904E-017
    37    48    0.1734723476E-017
    38    48    0.6938893904E-017
    39    48   -0.1040834086E-016
    40    48   -0.2081668171E-016
    41    48    0.1734723476E-016
    42    48   -0.1734723476E-017
    43    48   -0.1214306433E-016
    44    48    0.0000000000E+000
    45    48    0.6938893904E-017
    46    48    0.8673617380E-018
    47    48    0.3469446952E-017
    48    48    0.1000000000E+001
     1    49    0.5790264288E-023
     2    49   -0.1058791184E-021
     3    49   -0.8131516294E-019
     4    49   -0.8673617380E-018
     5    49   -0.1734723476E-017
     6    49   -0.1734723476E-016
     7    49   -0.6352747104E-021
     8    49   -0.2117582368E-020
     9    49   -0.4235164736E-021
    10    49    0.1355252716E-018
    11    49    0.1355252716E-018
    12    49    0.1084202172E-018
    13    49    0.0000000000E+000
    14    49    0.0000000000E+000
    15    49    0.1734723476E-017
    16    49    0.4336808690E-017
    17    49    0.3469446952E-016
    18    49   -0.6938893904E-017
    19    49    0.8673617380E-017
    20    49    0.0000000000E+000
    21    49    0.1734723476E-017
    22    49   -0.8131516294E-019
    23    49   -0.5421010862E-019
    24    49    0.2168404345E-018
    25    49   -0.3252606517E-018
    26    49   -0.6776263578E-019
    27    49   -0.6938893904E-017
    28    49   -0.3035766083E-017
    29    49    0.3469446952E-017
    30    49   -0.4336808690E-017
    31    49   -0.3469446952E-017
    32    49   -0.2775557562E-016
    33    49   -0.2255140519E-016
    34    49   -0.6938893904E-017
    35    49    0.6418476861E-016
    36    49    0.3469446952E-017
    37    49    0.0000000000E+000
    38    49   -0.2775557562E-016
    39    49   -0.4336808690E-017
    40    49    0.1561251128E-016
    41    49    0.0000000000E+000
    42    49    0.6938893904E-017
    43    49   -0.6938893904E-017
    44    49   -0.1214306433E-016
    45    49   -0.6938893904E-017
    46    49    0.1387778781E-016
    47    49    0.1734723476E-016
    48    49    0.0000000000E+000
    49    49    0.1000000000E+001
     1    50    0.4135903063E-023
     2    50    0.8470329473E-021
     3    50    0.0000000000E+000
     4    50    0.1734723476E-017
     5    50   -0.1387778781E-016
     6    50    0.0000000000E+000
     7    50    0.8470329473E-021
     8    50   -0.8470329473E-021
     9    50   -0.1058791184E-020
    10    50   -0.1084202172E-018
    11    50    0.5421010862E-019
    12    50   -0.5421010862E-019
    13    50   -0.3469446952E-017
    14    50   -0.3469446952E-017
    15    50   -0.2602085214E-017
    16    50   -0.6938893904E-017
    17    50   -0.1387778781E-016
    18    50   -0.6938893904E-017
    19    50   -0.1214306433E-016
    20    50    0.1214306433E-016
    21    50   -0.1734723476E-017
    22    50    0.5421010862E-019
    23    50    0.0000000000E+000
    24    50    0.0000000000E+000
    25    50   -0.1626303259E-018
    26    50    0.1626303259E-018
    27    50    0.0000000000E+000
    28    50   -0.8673617380E-018
    29    50    0.5204170428E-017
    30    50   -0.5637851297E-017
    31    50   -0.4770489559E-016
    32    50    0.6938893904E-017
    33    50   -0.3469446952E-017
    34    50    0.1734723476E-016
    35    50    0.6938893904E-017
    36    50    0.2498001805E-015
    37    50    0.1387778781E-016
    38    50    0.3469446952E-017
    39    50    0.1908195824E-016
    40    50   -0.9540979118E-017
    41    50    0.1908195824E-016
    42    50    0.0000000000E+000
    43    50   -0.1040834086E-016
    44    50    0.8673617380E-017
    45    50    0.1734723476E-016
    46    50   -0.1387778781E-016
    47    50    0.0000000000E+000
    48    50   -0.1734723476E-016
    49    50   -0.3469446952E-017
    50    50    0.1000000000E+001
     1    51    0.0000000000E+000
     2    51   -0.2541098842E-020
     3    51    0.1084202172E-018
     4    51    0.0000000000E+000
     5    51   -0.3686287386E-017
     6    51   -0.5204170428E-017
     7    51    0.1905824131E-020
     8    51   -0.3388131789E-020
     9    51    0.0000000000E+000
    10    51    0.0000000000E+000
    11    51    0.1490777987E-018
    12    51    0.4065758147E-019
    13    51   -0.1734723476E-017
    14    51    0.2818925648E-017
    15    51   -0.4336808690E-018
    16    51   -0.6938893904E-017
    17    51   -0.3469446952E-017
    18    51    0.0000000000E+000
    19    51    0.2081668171E-016
    20    51    0.0000000000E+000
    21    51   -0.1214306433E-016
    22    51   -0.1626303259E-018
    23    51    0.5421010862E-019
    24    51   -0.2032879073E-019
    25    51   -0.9757819552E-018
    26    51    0.6776263578E-019
    27    51    0.0000000000E+000
    28    51    0.8673617380E-018
    29    51    0.5204170428E-017
    30    51    0.1040834086E-016
    31    51   -0.4336808690E-018
    32    51    0.2775557562E-016
    33    51   -0.2775557562E-016
    34    51   -0.5204170428E-017
    35    51   -0.8673617380E-017
    36    51    0.6938893904E-017
    37    51   -0.1040834086E-016
    38    51    0.2428612866E-016
    39    51   -0.6938893904E-017
    40    51    0.6938893904E-017
    41    51   -0.2385244779E-016
    42    51   -0.1214306433E-016
    43    51    0.1387778781E-016
    44    51    0.1387778781E-016
    45    51    0.0000000000E+000
    46    51   -0.3469446952E-017
    47    51    0.4336808690E-017
    48    51    0.2515349040E-016
    49    51   -0.2602085214E-016
    50    51   -0.1387778781E-016
    51    51    0.1000000000E+001
     1    52    0.1406207041E-022
     2    52    0.3388131789E-020
     3    52    0.2439454888E-018
     4    52   -0.1734723476E-017
     5    52    0.4163336342E-016
     6    52    0.6938893904E-016
     7    52    0.1694065895E-020
     8    52    0.2117582368E-021
     9    52   -0.1164670302E-020
    10    52    0.8131516294E-019
    11    52    0.0000000000E+000
    12    52    0.5421010862E-019
    13    52   -0.3469446952E-017
    14    52   -0.1084202172E-017
    15    52    0.0000000000E+000
    16    52    0.6938893904E-017
    17    52    0.6938893904E-017
    18    52   -0.6938893904E-017
    19    52    0.0000000000E+000
    20    52   -0.4336808690E-017
    21    52    0.0000000000E+000
    22    52   -0.2439454888E-018
    23    52    0.5421010862E-019
    24    52   -0.5963111949E-018
    25    52    0.4743384505E-019
    26    52    0.5421010862E-019
    27    52    0.1734723476E-017
    28    52   -0.3469446952E-017
    29    52    0.1734723476E-017
    30    52    0.3903127821E-017
    31    52    0.0000000000E+000
    32    52    0.6938893904E-017
    33    52    0.6938893904E-017
    34    52    0.4163336342E-016
    35    52   -0.8673617380E-017
    36    52   -0.1387778781E-016
    37    52   -0.2602085214E-016
    38    52    0.1387778781E-016
    39    52   -0.1040834086E-016
    40    52    0.1040834086E-016
    41    52   -0.8673617380E-017
    42    52   -0.2081668171E-016
    43    52   -0.3469446952E-017
    44    52    0.1387778781E-016
    45    52    0.1387778781E-016
    46    52   -0.1908195824E-016
    47    52   -0.1040834086E-016
    48    52   -0.2602085214E-016
    49    52   -0.3469446952E-016
    50    52    0.5204170428E-017
    51    52    0.3469446952E-017
    52    52    0.1000000000E+001
